<?xml version="1.0" encoding="UTF-8"?>
<coverage generated="1790274934874" clover="3.2.0">
  <project timestamp="1790274934874" name="All files">
    <metrics statements="82" coveredstatements="41" conditionals="81" coveredconditionals="33" methods="39" coveredmethods="14" elements="202" coveredelements="88" complexity="0" loc="82" ncloc="82" packages="4" files="10" classes="10"/>
    <package name="assets">
      <metrics statements="0" coveredstatements="0" conditionals="0" coveredconditionals="0" methods="0" coveredmethods="0"/>
      <file name="Background_Image.jpg" path="D:\University\3rd Semester\2YP Project\e23-co2060-PeraWave\Code\PeraWaveFrontEnd\src\assets\Background_Image.jpg">
        <metrics statements="0" coveredstatements="0" conditionals="0" coveredconditionals="0" methods="0" coveredmethods="0"/>
      </file>
      <file name="PeraWaveLogo.png" path="D:\University\3rd Semester\2YP Project\e23-co2060-PeraWave\Code\PeraWaveFrontEnd\src\assets\PeraWaveLogo.png">
        <metrics statements="0" coveredstatements="0" conditionals="0" coveredconditionals="0" methods="0" coveredmethods="0"/>
      </file>
      <file name="UserAvatar.png" path="D:\University\3rd Semester\2YP Project\e23-co2060-PeraWave\Code\PeraWaveFrontEnd\src\assets\UserAvatar.png">
        <metrics statements="0" coveredstatements="0" conditionals="0" coveredconditionals="0" methods="0" coveredmethods="0"/>
      </file>
    </package>
    <package name="components">
      <metrics statements="63" coveredstatements="26" conditionals="67" coveredconditionals="23" methods="30" coveredmethods="9"/>
      <file name="FeaturesSection.tsx" path="D:\University\3rd Semester\2YP Project\e23-co2060-PeraWave\Code\PeraWaveFrontEnd\src\components\FeaturesSection.tsx">
        <metrics statements="2" coveredstatements="2" conditionals="0" coveredconditionals="0" methods="1" coveredmethods="1"/>
        <line num="4" count="1" type="stmt"/>
        <line num="5" count="2" type="stmt"/>
      </file>
      <file name="Footer.tsx" path="D:\University\3rd Semester\2YP Project\e23-co2060-PeraWave\Code\PeraWaveFrontEnd\src\components\Footer.tsx">
        <metrics statements="2" coveredstatements="2" conditionals="0" coveredconditionals="0" methods="1" coveredmethods="1"/>
        <line num="4" count="1" type="stmt"/>
        <line num="5" count="2" type="stmt"/>
      </file>
      <file name="HeroSection.tsx" path="D:\University\3rd Semester\2YP Project\e23-co2060-PeraWave\Code\PeraWaveFrontEnd\src\components\HeroSection.tsx">
        <metrics statements="29" coveredstatements="16" conditionals="18" coveredconditionals="9" methods="13" coveredmethods="6"/>
        <line num="5" count="2" type="stmt"/>
        <line num="44" count="2" type="stmt"/>
        <line num="45" count="6" type="stmt"/>
        <line num="46" count="6" type="stmt"/>
        <line num="47" count="6" type="stmt"/>
        <line num="49" count="6" type="stmt"/>
        <line num="50" count="4" type="stmt"/>
        <line num="51" count="4" type="stmt"/>
        <line num="52" count="4" type="stmt"/>
        <line num="53" count="0" type="stmt"/>
        <line num="57" count="6" type="stmt"/>
        <line num="58" count="4" type="stmt"/>
        <line num="59" count="0" type="stmt"/>
        <line num="61" count="4" type="stmt"/>
        <line num="64" count="6" type="stmt"/>
        <line num="65" count="0" type="cond" truecount="0" falsecount="2"/>
        <line num="66" count="0" type="stmt"/>
        <line num="67" count="0" type="stmt"/>
        <line num="68" count="0" type="stmt"/>
        <line num="70" count="0" type="stmt"/>
        <line num="71" count="0" type="stmt"/>
        <line num="74" count="6" type="stmt"/>
        <line num="80" count="0" type="stmt"/>
        <line num="105" count="24" type="stmt"/>
        <line num="118" count="24" type="stmt"/>
        <line num="122" count="0" type="stmt"/>
        <line num="147" count="0" type="stmt"/>
        <line num="148" count="0" type="cond" truecount="0" falsecount="2"/>
        <line num="149" count="0" type="stmt"/>
      </file>
      <file name="Navbar.tsx" path="D:\University\3rd Semester\2YP Project\e23-co2060-PeraWave\Code\PeraWaveFrontEnd\src\components\Navbar.tsx">
        <metrics statements="30" coveredstatements="6" conditionals="49" coveredconditionals="14" methods="15" coveredmethods="1"/>
        <line num="19" count="2" type="stmt"/>
        <line num="29" count="7" type="stmt"/>
        <line num="30" count="7" type="stmt"/>
        <line num="31" count="7" type="stmt"/>
        <line num="33" count="7" type="stmt"/>
        <line num="34" count="0" type="cond" truecount="0" falsecount="2"/>
        <line num="35" count="0" type="cond" truecount="0" falsecount="2"/>
        <line num="36" count="0" type="stmt"/>
        <line num="39" count="7" type="stmt"/>
        <line num="41" count="0" type="cond" truecount="0" falsecount="4"/>
        <line num="68" count="0" type="stmt"/>
        <line num="69" count="0" type="stmt"/>
        <line num="70" count="0" type="stmt"/>
        <line num="73" count="0" type="stmt"/>
        <line num="74" count="0" type="stmt"/>
        <line num="75" count="0" type="stmt"/>
        <line num="78" count="0" type="cond" truecount="0" falsecount="2"/>
        <line num="79" count="0" type="stmt"/>
        <line num="80" count="0" type="cond" truecount="0" falsecount="2"/>
        <line num="81" count="0" type="stmt"/>
        <line num="83" count="0" type="stmt"/>
        <line num="94" count="0" type="cond" truecount="0" falsecount="4"/>
        <line num="107" count="0" type="stmt"/>
        <line num="142" count="0" type="stmt"/>
        <line num="165" count="0" type="cond" truecount="0" falsecount="2"/>
        <line num="183" count="0" type="stmt"/>
        <line num="186" count="0" type="stmt"/>
        <line num="189" count="0" type="cond" truecount="0" falsecount="2"/>
        <line num="204" count="0" type="stmt"/>
        <line num="211" count="0" type="stmt"/>
      </file>
    </package>
    <package name="pages">
      <metrics statements="19" coveredstatements="15" conditionals="14" coveredconditionals="10" methods="9" coveredmethods="5"/>
      <file name="Welcome.tsx" path="D:\University\3rd Semester\2YP Project\e23-co2060-PeraWave\Code\PeraWaveFrontEnd\src\pages\Welcome.tsx">
        <metrics statements="19" coveredstatements="15" conditionals="14" coveredconditionals="10" methods="9" coveredmethods="5"/>
        <line num="16" count="1" type="cond" truecount="2" falsecount="0"/>
        <line num="18" count="1" type="stmt"/>
        <line num="19" count="4" type="stmt"/>
        <line num="20" count="4" type="stmt"/>
        <line num="21" count="4" type="stmt"/>
        <line num="23" count="4" type="stmt"/>
        <line num="24" count="2" type="stmt"/>
        <line num="25" count="2" type="stmt"/>
        <line num="26" count="2" type="stmt"/>
        <line num="27" count="2" type="cond" truecount="1" falsecount="1"/>
        <line num="31" count="2" type="stmt"/>
        <line num="34" count="2" type="stmt"/>
        <line num="37" count="4" type="stmt"/>
        <line num="64" count="0" type="stmt"/>
        <line num="75" count="6" type="stmt"/>
        <line num="88" count="1" type="stmt"/>
        <line num="92" count="0" type="stmt"/>
        <line num="95" count="0" type="cond" truecount="0" falsecount="2"/>
        <line num="142" count="0" type="stmt"/>
      </file>
    </package>
    <package name="styles">
      <metrics statements="0" coveredstatements="0" conditionals="0" coveredconditionals="0" methods="0" coveredmethods="0"/>
      <file name="welcome.css" path="D:\University\3rd Semester\2YP Project\e23-co2060-PeraWave\Code\PeraWaveFrontEnd\src\styles\welcome.css">
        <metrics statements="0" coveredstatements="0" conditionals="0" coveredconditionals="0" methods="0" coveredmethods="0"/>
      </file>
      <file name="wiki.css" path="D:\University\3rd Semester\2YP Project\e23-co2060-PeraWave\Code\PeraWaveFrontEnd\src\styles\wiki.css">
        <metrics statements="0" coveredstatements="0" conditionals="0" coveredconditionals="0" methods="0" coveredmethods="0"/>
      </file>
    </package>
  </project>
</coverage>
