{"D:\\University\\3rd Semester\\2YP Project\\e23-co2060-PeraWave\\Code\\PeraWaveFrontEnd\\src\\assets\\Background_Image.jpg": {"path":"D:\\University\\3rd Semester\\2YP Project\\e23-co2060-PeraWave\\Code\\PeraWaveFrontEnd\\src\\assets\\Background_Image.jpg","statementMap":{},"fnMap":{},"branchMap":{},"s":{},"f":{},"b":{},"meta":{"lastBranch":0,"lastFunction":0,"lastStatement":0,"seen":{},"fnNames":{}}}
,"D:\\University\\3rd Semester\\2YP Project\\e23-co2060-PeraWave\\Code\\PeraWaveFrontEnd\\src\\assets\\PeraWaveLogo.png": {"path":"D:\\University\\3rd Semester\\2YP Project\\e23-co2060-PeraWave\\Code\\PeraWaveFrontEnd\\src\\assets\\PeraWaveLogo.png","statementMap":{},"fnMap":{},"branchMap":{},"s":{},"f":{},"b":{},"meta":{"lastBranch":0,"lastFunction":0,"lastStatement":0,"seen":{},"fnNames":{}}}
,"D:\\University\\3rd Semester\\2YP Project\\e23-co2060-PeraWave\\Code\\PeraWaveFrontEnd\\src\\assets\\UserAvatar.png": {"path":"D:\\University\\3rd Semester\\2YP Project\\e23-co2060-PeraWave\\Code\\PeraWaveFrontEnd\\src\\assets\\UserAvatar.png","statementMap":{},"fnMap":{},"branchMap":{},"s":{},"f":{},"b":{},"meta":{"lastBranch":0,"lastFunction":0,"lastStatement":0,"seen":{},"fnNames":{}}}
,"D:\\University\\3rd Semester\\2YP Project\\e23-co2060-PeraWave\\Code\\PeraWaveFrontEnd\\src\\components\\FeaturesSection.tsx": {"path":"D:\\University\\3rd Semester\\2YP Project\\e23-co2060-PeraWave\\Code\\PeraWaveFrontEnd\\src\\components\\FeaturesSection.tsx","statementMap":{"0":{"start":{"line":4,"column":34},"end":{"line":69,"column":null}},"1":{"start":{"line":5,"column":2},"end":{"line":62,"column":null}}},"fnMap":{"0":{"name":"(anonymous_0)","decl":{"start":{"line":4,"column":34},"end":{"line":4,"column":null}},"loc":{"start":{"line":4,"column":34},"end":{"line":69,"column":null}},"line":4}},"branchMap":{},"s":{"0":1,"1":2},"f":{"0":2},"b":{},"meta":{"lastBranch":0,"lastFunction":1,"lastStatement":2,"seen":{"s:4:34:69:Infinity":0,"f:4:34:4:Infinity":0,"s:5:2:62:Infinity":1},"fnNames":{}}}
,"D:\\University\\3rd Semester\\2YP Project\\e23-co2060-PeraWave\\Code\\PeraWaveFrontEnd\\src\\components\\Footer.tsx": {"path":"D:\\University\\3rd Semester\\2YP Project\\e23-co2060-PeraWave\\Code\\PeraWaveFrontEnd\\src\\components\\Footer.tsx","statementMap":{"0":{"start":{"line":4,"column":25},"end":{"line":13,"column":null}},"1":{"start":{"line":5,"column":4},"end":{"line":9,"column":null}}},"fnMap":{"0":{"name":"(anonymous_0)","decl":{"start":{"line":4,"column":25},"end":{"line":4,"column":null}},"loc":{"start":{"line":4,"column":25},"end":{"line":13,"column":null}},"line":4}},"branchMap":{},"s":{"0":1,"1":2},"f":{"0":2},"b":{},"meta":{"lastBranch":0,"lastFunction":1,"lastStatement":2,"seen":{"s:4:25:13:Infinity":0,"f:4:25:4:Infinity":0,"s:5:4:9:Infinity":1},"fnNames":{}}}
,"D:\\University\\3rd Semester\\2YP Project\\e23-co2060-PeraWave\\Code\\PeraWaveFrontEnd\\src\\components\\HeroSection.tsx": {"path":"D:\\University\\3rd Semester\\2YP Project\\e23-co2060-PeraWave\\Code\\PeraWaveFrontEnd\\src\\components\\HeroSection.tsx","statementMap":{"0":{"start":{"line":5,"column":17},"end":{"line":42,"column":null}},"1":{"start":{"line":44,"column":30},"end":{"line":161,"column":null}},"2":{"start":{"line":45,"column":8},"end":{"line":45,"column":null}},"3":{"start":{"line":46,"column":31},"end":{"line":46,"column":null}},"4":{"start":{"line":47,"column":41},"end":{"line":47,"column":null}},"5":{"start":{"line":49,"column":2},"end":{"line":55,"column":null}},"6":{"start":{"line":50,"column":16},"end":{"line":50,"column":null}},"7":{"start":{"line":51,"column":4},"end":{"line":51,"column":null}},"8":{"start":{"line":52,"column":4},"end":{"line":54,"column":null}},"9":{"start":{"line":53,"column":6},"end":{"line":53,"column":null}},"10":{"start":{"line":57,"column":2},"end":{"line":62,"column":null}},"11":{"start":{"line":58,"column":21},"end":{"line":60,"column":null}},"12":{"start":{"line":59,"column":6},"end":{"line":59,"column":null}},"13":{"start":{"line":59,"column":33},"end":{"line":59,"column":61}},"14":{"start":{"line":61,"column":4},"end":{"line":61,"column":null}},"15":{"start":{"line":61,"column":17},"end":{"line":61,"column":null}},"16":{"start":{"line":64,"column":26},"end":{"line":72,"column":null}},"17":{"start":{"line":65,"column":4},"end":{"line":65,"column":null}},"18":{"start":{"line":65,"column":22},"end":{"line":65,"column":null}},"19":{"start":{"line":66,"column":17},"end":{"line":66,"column":null}},"20":{"start":{"line":67,"column":14},"end":{"line":67,"column":35}},"21":{"start":{"line":68,"column":14},"end":{"line":68,"column":34}},"22":{"start":{"line":70,"column":4},"end":{"line":70,"column":null}},"23":{"start":{"line":71,"column":4},"end":{"line":71,"column":null}},"24":{"start":{"line":74,"column":2},"end":{"line":155,"column":null}},"25":{"start":{"line":80,"column":30},"end":{"line":80,"column":null}},"26":{"start":{"line":105,"column":36},"end":{"line":107,"column":null}},"27":{"start":{"line":118,"column":30},"end":{"line":120,"column":null}},"28":{"start":{"line":122,"column":31},"end":{"line":122,"column":null}},"29":{"start":{"line":147,"column":30},"end":{"line":147,"column":null}},"30":{"start":{"line":148,"column":10},"end":{"line":150,"column":null}},"31":{"start":{"line":149,"column":12},"end":{"line":149,"column":null}}},"fnMap":{"0":{"name":"(anonymous_0)","decl":{"start":{"line":44,"column":30},"end":{"line":44,"column":null}},"loc":{"start":{"line":44,"column":30},"end":{"line":161,"column":null}},"line":44},"1":{"name":"(anonymous_1)","decl":{"start":{"line":49,"column":12},"end":{"line":49,"column":null}},"loc":{"start":{"line":49,"column":12},"end":{"line":55,"column":5}},"line":49},"2":{"name":"(anonymous_2)","decl":{"start":{"line":52,"column":17},"end":{"line":52,"column":null}},"loc":{"start":{"line":52,"column":17},"end":{"line":54,"column":null}},"line":52},"3":{"name":"(anonymous_3)","decl":{"start":{"line":57,"column":12},"end":{"line":57,"column":null}},"loc":{"start":{"line":57,"column":12},"end":{"line":62,"column":5}},"line":57},"4":{"name":"(anonymous_4)","decl":{"start":{"line":58,"column":33},"end":{"line":58,"column":null}},"loc":{"start":{"line":58,"column":33},"end":{"line":60,"column":7}},"line":58},"5":{"name":"(anonymous_5)","decl":{"start":{"line":59,"column":23},"end":{"line":59,"column":24}},"loc":{"start":{"line":59,"column":33},"end":{"line":59,"column":61}},"line":59},"6":{"name":"(anonymous_6)","decl":{"start":{"line":61,"column":11},"end":{"line":61,"column":17}},"loc":{"start":{"line":61,"column":17},"end":{"line":61,"column":null}},"line":61},"7":{"name":"(anonymous_7)","decl":{"start":{"line":64,"column":26},"end":{"line":64,"column":27}},"loc":{"start":{"line":64,"column":64},"end":{"line":72,"column":null}},"line":64},"8":{"name":"(anonymous_8)","decl":{"start":{"line":80,"column":23},"end":{"line":80,"column":24}},"loc":{"start":{"line":80,"column":30},"end":{"line":80,"column":null}},"line":80},"9":{"name":"(anonymous_9)","decl":{"start":{"line":105,"column":26},"end":{"line":105,"column":27}},"loc":{"start":{"line":105,"column":36},"end":{"line":107,"column":null}},"line":105},"10":{"name":"(anonymous_10)","decl":{"start":{"line":118,"column":26},"end":{"line":118,"column":27}},"loc":{"start":{"line":118,"column":30},"end":{"line":120,"column":null}},"line":118},"11":{"name":"(anonymous_11)","decl":{"start":{"line":122,"column":25},"end":{"line":122,"column":31}},"loc":{"start":{"line":122,"column":31},"end":{"line":122,"column":null}},"line":122},"12":{"name":"(anonymous_12)","decl":{"start":{"line":146,"column":17},"end":{"line":146,"column":null}},"loc":{"start":{"line":146,"column":17},"end":{"line":151,"column":null}},"line":146}},"branchMap":{"0":{"loc":{"start":{"line":65,"column":4},"end":{"line":65,"column":null}},"type":"if","locations":[{"start":{"line":65,"column":4},"end":{"line":65,"column":null}},{"start":{},"end":{}}],"line":65},"1":{"loc":{"start":{"line":75,"column":28},"end":{"line":75,"column":57}},"type":"cond-expr","locations":[{"start":{"line":75,"column":39},"end":{"line":75,"column":53}},{"start":{"line":75,"column":53},"end":{"line":75,"column":57}}],"line":75},"2":{"loc":{"start":{"line":78,"column":35},"end":{"line":78,"column":68}},"type":"cond-expr","locations":[{"start":{"line":78,"column":46},"end":{"line":78,"column":64}},{"start":{"line":78,"column":64},"end":{"line":78,"column":68}}],"line":78},"3":{"loc":{"start":{"line":81,"column":28},"end":{"line":81,"column":45}},"type":"cond-expr","locations":[{"start":{"line":81,"column":39},"end":{"line":81,"column":43}},{"start":{"line":81,"column":43},"end":{"line":81,"column":45}}],"line":81},"4":{"loc":{"start":{"line":95,"column":52},"end":{"line":95,"column":85}},"type":"cond-expr","locations":[{"start":{"line":95,"column":63},"end":{"line":95,"column":81}},{"start":{"line":95,"column":81},"end":{"line":95,"column":85}}],"line":95},"5":{"loc":{"start":{"line":96,"column":28},"end":{"line":96,"column":45}},"type":"cond-expr","locations":[{"start":{"line":96,"column":39},"end":{"line":96,"column":43}},{"start":{"line":96,"column":43},"end":{"line":96,"column":45}}],"line":96},"6":{"loc":{"start":{"line":108,"column":46},"end":{"line":108,"column":87}},"type":"cond-expr","locations":[{"start":{"line":108,"column":72},"end":{"line":108,"column":83}},{"start":{"line":108,"column":83},"end":{"line":108,"column":87}}],"line":108},"7":{"loc":{"start":{"line":121,"column":40},"end":{"line":121,"column":81}},"type":"cond-expr","locations":[{"start":{"line":121,"column":66},"end":{"line":121,"column":77}},{"start":{"line":121,"column":77},"end":{"line":121,"column":81}}],"line":121},"8":{"loc":{"start":{"line":148,"column":10},"end":{"line":150,"column":null}},"type":"if","locations":[{"start":{"line":148,"column":10},"end":{"line":150,"column":null}},{"start":{},"end":{}}],"line":148}},"s":{"0":2,"1":2,"2":6,"3":6,"4":6,"5":6,"6":4,"7":4,"8":4,"9":0,"10":6,"11":4,"12":0,"13":0,"14":4,"15":4,"16":6,"17":0,"18":0,"19":0,"20":0,"21":0,"22":0,"23":0,"24":6,"25":0,"26":24,"27":24,"28":0,"29":0,"30":0,"31":0},"f":{"0":6,"1":4,"2":0,"3":4,"4":0,"5":0,"6":4,"7":0,"8":0,"9":24,"10":24,"11":0,"12":0},"b":{"0":[0,0],"1":[0,6],"2":[0,6],"3":[0,6],"4":[0,6],"5":[0,6],"6":[6,18],"7":[6,18],"8":[0,0]},"meta":{"lastBranch":9,"lastFunction":13,"lastStatement":32,"seen":{"s:5:17:42:Infinity":0,"s:44:30:161:Infinity":1,"f:44:30:44:Infinity":0,"s:45:8:45:Infinity":2,"s:46:31:46:Infinity":3,"s:47:41:47:Infinity":4,"s:49:2:55:Infinity":5,"f:49:12:49:Infinity":1,"s:50:16:50:Infinity":6,"s:51:4:51:Infinity":7,"s:52:4:54:Infinity":8,"f:52:17:52:Infinity":2,"s:53:6:53:Infinity":9,"s:57:2:62:Infinity":10,"f:57:12:57:Infinity":3,"s:58:21:60:Infinity":11,"f:58:33:58:Infinity":4,"s:59:6:59:Infinity":12,"f:59:23:59:24":5,"s:59:33:59:61":13,"s:61:4:61:Infinity":14,"f:61:11:61:17":6,"s:61:17:61:Infinity":15,"s:64:26:72:Infinity":16,"f:64:26:64:27":7,"b:65:4:65:Infinity:undefined:undefined:undefined:undefined":0,"s:65:4:65:Infinity":17,"s:65:22:65:Infinity":18,"s:66:17:66:Infinity":19,"s:67:14:67:35":20,"s:68:14:68:34":21,"s:70:4:70:Infinity":22,"s:71:4:71:Infinity":23,"s:74:2:155:Infinity":24,"b:75:39:75:53:75:53:75:57":1,"b:78:46:78:64:78:64:78:68":2,"f:80:23:80:24":8,"s:80:30:80:Infinity":25,"b:81:39:81:43:81:43:81:45":3,"b:95:63:95:81:95:81:95:85":4,"b:96:39:96:43:96:43:96:45":5,"f:105:26:105:27":9,"s:105:36:107:Infinity":26,"b:108:72:108:83:108:83:108:87":6,"f:118:26:118:27":10,"s:118:30:120:Infinity":27,"b:121:66:121:77:121:77:121:81":7,"f:122:25:122:31":11,"s:122:31:122:Infinity":28,"f:146:17:146:Infinity":12,"s:147:30:147:Infinity":29,"b:148:10:150:Infinity:undefined:undefined:undefined:undefined":8,"s:148:10:150:Infinity":30,"s:149:12:149:Infinity":31},"fnNames":{}}}
,"D:\\University\\3rd Semester\\2YP Project\\e23-co2060-PeraWave\\Code\\PeraWaveFrontEnd\\src\\components\\Navbar.tsx": {"path":"D:\\University\\3rd Semester\\2YP Project\\e23-co2060-PeraWave\\Code\\PeraWaveFrontEnd\\src\\components\\Navbar.tsx","statementMap":{"0":{"start":{"line":19,"column":38},"end":{"line":220,"column":null}},"1":{"start":{"line":29,"column":8},"end":{"line":29,"column":null}},"2":{"start":{"line":30,"column":43},"end":{"line":30,"column":null}},"3":{"start":{"line":31,"column":37},"end":{"line":31,"column":null}},"4":{"start":{"line":33,"column":23},"end":{"line":37,"column":null}},"5":{"start":{"line":34,"column":4},"end":{"line":34,"column":null}},"6":{"start":{"line":34,"column":28},"end":{"line":34,"column":null}},"7":{"start":{"line":35,"column":4},"end":{"line":35,"column":null}},"8":{"start":{"line":35,"column":31},"end":{"line":35,"column":null}},"9":{"start":{"line":36,"column":4},"end":{"line":36,"column":null}},"10":{"start":{"line":39,"column":2},"end":{"line":212,"column":null}},"11":{"start":{"line":41,"column":83},"end":{"line":41,"column":null}},"12":{"start":{"line":68,"column":16},"end":{"line":68,"column":null}},"13":{"start":{"line":69,"column":16},"end":{"line":69,"column":null}},"14":{"start":{"line":70,"column":16},"end":{"line":70,"column":null}},"15":{"start":{"line":73,"column":16},"end":{"line":73,"column":null}},"16":{"start":{"line":74,"column":16},"end":{"line":74,"column":null}},"17":{"start":{"line":75,"column":16},"end":{"line":75,"column":null}},"18":{"start":{"line":78,"column":16},"end":{"line":85,"column":null}},"19":{"start":{"line":79,"column":30},"end":{"line":79,"column":null}},"20":{"start":{"line":80,"column":18},"end":{"line":84,"column":null}},"21":{"start":{"line":81,"column":20},"end":{"line":81,"column":null}},"22":{"start":{"line":83,"column":20},"end":{"line":83,"column":null}},"23":{"start":{"line":94,"column":25},"end":{"line":94,"column":null}},"24":{"start":{"line":107,"column":33},"end":{"line":107,"column":63}},"25":{"start":{"line":107,"column":63},"end":{"line":107,"column":89}},"26":{"start":{"line":142,"column":41},"end":{"line":143,"column":40}},"27":{"start":{"line":165,"column":35},"end":{"line":165,"column":101}},"28":{"start":{"line":165,"column":65},"end":{"line":165,"column":101}},"29":{"start":{"line":165,"column":101},"end":{"line":165,"column":124}},"30":{"start":{"line":183,"column":173},"end":{"line":183,"column":197}},"31":{"start":{"line":186,"column":173},"end":{"line":186,"column":197}},"32":{"start":{"line":189,"column":173},"end":{"line":189,"column":233}},"33":{"start":{"line":204,"column":29},"end":{"line":204,"column":null}},"34":{"start":{"line":211,"column":29},"end":{"line":211,"column":null}}},"fnMap":{"0":{"name":"(anonymous_0)","decl":{"start":{"line":19,"column":38},"end":{"line":19,"column":39}},"loc":{"start":{"line":28,"column":1},"end":{"line":220,"column":null}},"line":28},"1":{"name":"(anonymous_1)","decl":{"start":{"line":33,"column":23},"end":{"line":33,"column":24}},"loc":{"start":{"line":33,"column":24},"end":{"line":37,"column":null}},"line":33},"2":{"name":"(anonymous_2)","decl":{"start":{"line":41,"column":77},"end":{"line":41,"column":83}},"loc":{"start":{"line":41,"column":83},"end":{"line":41,"column":null}},"line":41},"3":{"name":"(anonymous_3)","decl":{"start":{"line":67,"column":23},"end":{"line":67,"column":24}},"loc":{"start":{"line":67,"column":24},"end":{"line":71,"column":null}},"line":67},"4":{"name":"(anonymous_4)","decl":{"start":{"line":72,"column":22},"end":{"line":72,"column":23}},"loc":{"start":{"line":72,"column":23},"end":{"line":76,"column":null}},"line":72},"5":{"name":"(anonymous_5)","decl":{"start":{"line":77,"column":25},"end":{"line":77,"column":26}},"loc":{"start":{"line":77,"column":26},"end":{"line":86,"column":null}},"line":77},"6":{"name":"(anonymous_6)","decl":{"start":{"line":94,"column":19},"end":{"line":94,"column":25}},"loc":{"start":{"line":94,"column":25},"end":{"line":94,"column":null}},"line":94},"7":{"name":"(anonymous_7)","decl":{"start":{"line":107,"column":25},"end":{"line":107,"column":33}},"loc":{"start":{"line":107,"column":25},"end":{"line":107,"column":null}},"line":107},"8":{"name":"(anonymous_8)","decl":{"start":{"line":142,"column":40},"end":{"line":142,"column":41}},"loc":{"start":{"line":142,"column":41},"end":{"line":143,"column":40}},"line":142},"9":{"name":"(anonymous_9)","decl":{"start":{"line":165,"column":27},"end":{"line":165,"column":35}},"loc":{"start":{"line":165,"column":27},"end":{"line":165,"column":null}},"line":165},"10":{"name":"(anonymous_10)","decl":{"start":{"line":183,"column":167},"end":{"line":183,"column":173}},"loc":{"start":{"line":183,"column":173},"end":{"line":183,"column":197}},"line":183},"11":{"name":"(anonymous_11)","decl":{"start":{"line":186,"column":167},"end":{"line":186,"column":173}},"loc":{"start":{"line":186,"column":173},"end":{"line":186,"column":197}},"line":186},"12":{"name":"(anonymous_12)","decl":{"start":{"line":189,"column":167},"end":{"line":189,"column":173}},"loc":{"start":{"line":189,"column":173},"end":{"line":189,"column":233}},"line":189},"13":{"name":"(anonymous_13)","decl":{"start":{"line":204,"column":23},"end":{"line":204,"column":29}},"loc":{"start":{"line":204,"column":29},"end":{"line":204,"column":null}},"line":204},"14":{"name":"(anonymous_14)","decl":{"start":{"line":211,"column":23},"end":{"line":211,"column":29}},"loc":{"start":{"line":211,"column":29},"end":{"line":211,"column":null}},"line":211}},"branchMap":{"0":{"loc":{"start":{"line":24,"column":2},"end":{"line":24,"column":20}},"type":"default-arg","locations":[{"start":{"line":24,"column":18},"end":{"line":24,"column":20}}],"line":24},"1":{"loc":{"start":{"line":25,"column":2},"end":{"line":25,"column":17}},"type":"default-arg","locations":[{"start":{"line":25,"column":16},"end":{"line":25,"column":17}}],"line":25},"2":{"loc":{"start":{"line":34,"column":4},"end":{"line":34,"column":null}},"type":"if","locations":[{"start":{"line":34,"column":4},"end":{"line":34,"column":null}},{"start":{},"end":{}}],"line":34},"3":{"loc":{"start":{"line":35,"column":4},"end":{"line":35,"column":null}},"type":"if","locations":[{"start":{"line":35,"column":4},"end":{"line":35,"column":null}},{"start":{},"end":{}}],"line":35},"4":{"loc":{"start":{"line":41,"column":92},"end":{"line":41,"column":null}},"type":"cond-expr","locations":[{"start":{"line":41,"column":106},"end":{"line":41,"column":158}},{"start":{"line":41,"column":158},"end":{"line":41,"column":null}}],"line":41},"5":{"loc":{"start":{"line":41,"column":106},"end":{"line":41,"column":158}},"type":"cond-expr","locations":[{"start":{"line":41,"column":133},"end":{"line":41,"column":147}},{"start":{"line":41,"column":147},"end":{"line":41,"column":158}}],"line":41},"6":{"loc":{"start":{"line":46,"column":7},"end":{"line":86,"column":null}},"type":"binary-expr","locations":[{"start":{"line":46,"column":7},"end":{"line":46,"column":null}},{"start":{"line":46,"column":7},"end":{"line":86,"column":null}}],"line":46},"7":{"loc":{"start":{"line":78,"column":16},"end":{"line":85,"column":null}},"type":"if","locations":[{"start":{"line":78,"column":16},"end":{"line":85,"column":null}},{"start":{},"end":{}}],"line":78},"8":{"loc":{"start":{"line":80,"column":18},"end":{"line":84,"column":null}},"type":"if","locations":[{"start":{"line":80,"column":18},"end":{"line":84,"column":null}},{"start":{"line":82,"column":25},"end":{"line":84,"column":null}}],"line":80},"9":{"loc":{"start":{"line":94,"column":34},"end":{"line":94,"column":null}},"type":"cond-expr","locations":[{"start":{"line":94,"column":91},"end":{"line":94,"column":110}},{"start":{"line":94,"column":110},"end":{"line":94,"column":null}}],"line":94},"10":{"loc":{"start":{"line":94,"column":34},"end":{"line":94,"column":91}},"type":"binary-expr","locations":[{"start":{"line":94,"column":34},"end":{"line":94,"column":62}},{"start":{"line":94,"column":62},"end":{"line":94,"column":91}}],"line":94},"11":{"loc":{"start":{"line":101,"column":9},"end":{"line":212,"column":null}},"type":"cond-expr","locations":[{"start":{"line":101,"column":9},"end":{"line":201,"column":null}},{"start":{"line":201,"column":10},"end":{"line":212,"column":null}}],"line":101},"12":{"loc":{"start":{"line":113,"column":17},"end":{"line":120,"column":null}},"type":"binary-expr","locations":[{"start":{"line":113,"column":17},"end":{"line":113,"column":null}},{"start":{"line":113,"column":31},"end":{"line":120,"column":null}}],"line":113},"13":{"loc":{"start":{"line":125,"column":15},"end":{"line":143,"column":40}},"type":"binary-expr","locations":[{"start":{"line":125,"column":15},"end":{"line":125,"column":null}},{"start":{"line":125,"column":15},"end":{"line":143,"column":40}}],"line":125},"14":{"loc":{"start":{"line":134,"column":21},"end":{"line":135,"column":null}},"type":"binary-expr","locations":[{"start":{"line":134,"column":21},"end":{"line":134,"column":null}},{"start":{"line":134,"column":35},"end":{"line":135,"column":null}}],"line":134},"15":{"loc":{"start":{"line":139,"column":21},"end":{"line":143,"column":40}},"type":"cond-expr","locations":[{"start":{"line":139,"column":46},"end":{"line":142,"column":36}},{"start":{"line":142,"column":22},"end":{"line":143,"column":40}}],"line":139},"16":{"loc":{"start":{"line":146,"column":38},"end":{"line":146,"column":null}},"type":"cond-expr","locations":[{"start":{"line":146,"column":49},"end":{"line":146,"column":58}},{"start":{"line":146,"column":58},"end":{"line":146,"column":null}}],"line":146},"17":{"loc":{"start":{"line":150,"column":99},"end":{"line":150,"column":121}},"type":"cond-expr","locations":[{"start":{"line":150,"column":110},"end":{"line":150,"column":116}},{"start":{"line":150,"column":116},"end":{"line":150,"column":121}}],"line":150},"18":{"loc":{"start":{"line":153,"column":27},"end":{"line":153,"column":null}},"type":"binary-expr","locations":[{"start":{"line":153,"column":27},"end":{"line":153,"column":36}},{"start":{"line":153,"column":36},"end":{"line":153,"column":null}}],"line":153},"19":{"loc":{"start":{"line":165,"column":35},"end":{"line":165,"column":101}},"type":"if","locations":[{"start":{"line":165,"column":35},"end":{"line":165,"column":101}},{"start":{},"end":{}}],"line":165},"20":{"loc":{"start":{"line":167,"column":26},"end":{"line":167,"column":59}},"type":"binary-expr","locations":[{"start":{"line":167,"column":26},"end":{"line":167,"column":40}},{"start":{"line":167,"column":40},"end":{"line":167,"column":59}}],"line":167},"21":{"loc":{"start":{"line":168,"column":115},"end":{"line":168,"column":null}},"type":"binary-expr","locations":[{"start":{"line":168,"column":115},"end":{"line":168,"column":127}},{"start":{"line":168,"column":127},"end":{"line":168,"column":null}}],"line":168},"22":{"loc":{"start":{"line":169,"column":17},"end":{"line":171,"column":null}},"type":"binary-expr","locations":[{"start":{"line":169,"column":17},"end":{"line":169,"column":null}},{"start":{"line":169,"column":30},"end":{"line":171,"column":null}}],"line":169},"23":{"loc":{"start":{"line":176,"column":15},"end":{"line":193,"column":null}},"type":"binary-expr","locations":[{"start":{"line":176,"column":15},"end":{"line":176,"column":33}},{"start":{"line":176,"column":33},"end":{"line":176,"column":null}},{"start":{"line":176,"column":46},"end":{"line":193,"column":null}}],"line":176},"24":{"loc":{"start":{"line":189,"column":182},"end":{"line":189,"column":233}},"type":"cond-expr","locations":[{"start":{"line":189,"column":209},"end":{"line":189,"column":223}},{"start":{"line":189,"column":223},"end":{"line":189,"column":233}}],"line":189}},"s":{"0":2,"1":7,"2":7,"3":7,"4":7,"5":0,"6":0,"7":0,"8":0,"9":0,"10":7,"11":0,"12":0,"13":0,"14":0,"15":0,"16":0,"17":0,"18":0,"19":0,"20":0,"21":0,"22":0,"23":0,"24":0,"25":0,"26":0,"27":0,"28":0,"29":0,"30":0,"31":0,"32":0,"33":0,"34":0},"f":{"0":7,"1":0,"2":0,"3":0,"4":0,"5":0,"6":0,"7":0,"8":0,"9":0,"10":0,"11":0,"12":0,"13":0,"14":0},"b":{"0":[7],"1":[7],"2":[0,0],"3":[0,0],"4":[0,0],"5":[0,0],"6":[7,1],"7":[0,0],"8":[0,0],"9":[0,0],"10":[0,0],"11":[1,6],"12":[1,0],"13":[1,0],"14":[0,0],"15":[0,0],"16":[0,0],"17":[0,0],"18":[0,0],"19":[0,0],"20":[1,1],"21":[1,0],"22":[1,1],"23":[1,0,0],"24":[0,0]},"meta":{"lastBranch":25,"lastFunction":15,"lastStatement":35,"seen":{"s:19:38:220:Infinity":0,"f:19:38:19:39":0,"b:24:18:24:20":0,"b:25:16:25:17":1,"s:29:8:29:Infinity":1,"s:30:43:30:Infinity":2,"s:31:37:31:Infinity":3,"s:33:23:37:Infinity":4,"f:33:23:33:24":1,"b:34:4:34:Infinity:undefined:undefined:undefined:undefined":2,"s:34:4:34:Infinity":5,"s:34:28:34:Infinity":6,"b:35:4:35:Infinity:undefined:undefined:undefined:undefined":3,"s:35:4:35:Infinity":7,"s:35:31:35:Infinity":8,"s:36:4:36:Infinity":9,"s:39:2:212:Infinity":10,"f:41:77:41:83":2,"s:41:83:41:Infinity":11,"b:41:106:41:158:41:158:41:Infinity":4,"b:41:133:41:147:41:147:41:158":5,"b:46:7:46:Infinity:46:7:86:Infinity":6,"f:67:23:67:24":3,"s:68:16:68:Infinity":12,"s:69:16:69:Infinity":13,"s:70:16:70:Infinity":14,"f:72:22:72:23":4,"s:73:16:73:Infinity":15,"s:74:16:74:Infinity":16,"s:75:16:75:Infinity":17,"f:77:25:77:26":5,"b:78:16:85:Infinity:undefined:undefined:undefined:undefined":7,"s:78:16:85:Infinity":18,"s:79:30:79:Infinity":19,"b:80:18:84:Infinity:82:25:84:Infinity":8,"s:80:18:84:Infinity":20,"s:81:20:81:Infinity":21,"s:83:20:83:Infinity":22,"f:94:19:94:25":6,"s:94:25:94:Infinity":23,"b:94:91:94:110:94:110:94:Infinity":9,"b:94:34:94:62:94:62:94:91":10,"b:101:9:201:Infinity:201:10:212:Infinity":11,"f:107:25:107:33":7,"s:107:33:107:63":24,"s:107:63:107:89":25,"b:113:17:113:Infinity:113:31:120:Infinity":12,"b:125:15:125:Infinity:125:15:143:40":13,"b:134:21:134:Infinity:134:35:135:Infinity":14,"b:139:46:142:36:142:22:143:40":15,"f:142:40:142:41":8,"s:142:41:143:40":26,"b:146:49:146:58:146:58:146:Infinity":16,"b:150:110:150:116:150:116:150:121":17,"b:153:27:153:36:153:36:153:Infinity":18,"f:165:27:165:35":9,"b:165:35:165:101:undefined:undefined:undefined:undefined":19,"s:165:35:165:101":27,"s:165:65:165:101":28,"s:165:101:165:124":29,"b:167:26:167:40:167:40:167:59":20,"b:168:115:168:127:168:127:168:Infinity":21,"b:169:17:169:Infinity:169:30:171:Infinity":22,"b:176:15:176:33:176:33:176:Infinity:176:46:193:Infinity":23,"f:183:167:183:173":10,"s:183:173:183:197":30,"f:186:167:186:173":11,"s:186:173:186:197":31,"f:189:167:189:173":12,"s:189:173:189:233":32,"b:189:209:189:223:189:223:189:233":24,"f:204:23:204:29":13,"s:204:29:204:Infinity":33,"f:211:23:211:29":14,"s:211:29:211:Infinity":34},"fnNames":{}}}
,"D:\\University\\3rd Semester\\2YP Project\\e23-co2060-PeraWave\\Code\\PeraWaveFrontEnd\\src\\pages\\Welcome.tsx": {"path":"D:\\University\\3rd Semester\\2YP Project\\e23-co2060-PeraWave\\Code\\PeraWaveFrontEnd\\src\\pages\\Welcome.tsx","statementMap":{"0":{"start":{"line":16,"column":16},"end":{"line":16,"column":null}},"1":{"start":{"line":18,"column":26},"end":{"line":160,"column":null}},"2":{"start":{"line":19,"column":8},"end":{"line":19,"column":null}},"3":{"start":{"line":20,"column":39},"end":{"line":20,"column":null}},"4":{"start":{"line":21,"column":37},"end":{"line":21,"column":null}},"5":{"start":{"line":23,"column":2},"end":{"line":35,"column":null}},"6":{"start":{"line":24,"column":24},"end":{"line":33,"column":null}},"7":{"start":{"line":25,"column":6},"end":{"line":32,"column":null}},"8":{"start":{"line":26,"column":20},"end":{"line":26,"column":null}},"9":{"start":{"line":27,"column":8},"end":{"line":27,"column":null}},"10":{"start":{"line":27,"column":20},"end":{"line":27,"column":null}},"11":{"start":{"line":31,"column":8},"end":{"line":31,"column":null}},"12":{"start":{"line":34,"column":4},"end":{"line":34,"column":null}},"13":{"start":{"line":37,"column":2},"end":{"line":156,"column":null}},"14":{"start":{"line":64,"column":29},"end":{"line":64,"column":null}},"15":{"start":{"line":75,"column":37},"end":{"line":76,"column":29}},"16":{"start":{"line":88,"column":32},"end":{"line":90,"column":null}},"17":{"start":{"line":92,"column":33},"end":{"line":92,"column":null}},"18":{"start":{"line":95,"column":34},"end":{"line":95,"column":null}},"19":{"start":{"line":142,"column":33},"end":{"line":142,"column":null}}},"fnMap":{"0":{"name":"(anonymous_0)","decl":{"start":{"line":18,"column":26},"end":{"line":18,"column":null}},"loc":{"start":{"line":18,"column":26},"end":{"line":160,"column":null}},"line":18},"1":{"name":"(anonymous_1)","decl":{"start":{"line":23,"column":12},"end":{"line":23,"column":null}},"loc":{"start":{"line":23,"column":12},"end":{"line":35,"column":5}},"line":23},"2":{"name":"(anonymous_2)","decl":{"start":{"line":24,"column":24},"end":{"line":24,"column":null}},"loc":{"start":{"line":24,"column":24},"end":{"line":33,"column":null}},"line":24},"3":{"name":"(anonymous_3)","decl":{"start":{"line":64,"column":23},"end":{"line":64,"column":29}},"loc":{"start":{"line":64,"column":29},"end":{"line":64,"column":null}},"line":64},"4":{"name":"(anonymous_4)","decl":{"start":{"line":75,"column":33},"end":{"line":75,"column":34}},"loc":{"start":{"line":75,"column":37},"end":{"line":76,"column":29}},"line":75},"5":{"name":"(anonymous_5)","decl":{"start":{"line":88,"column":32},"end":{"line":88,"column":null}},"loc":{"start":{"line":88,"column":32},"end":{"line":90,"column":null}},"line":88},"6":{"name":"(anonymous_6)","decl":{"start":{"line":92,"column":27},"end":{"line":92,"column":33}},"loc":{"start":{"line":92,"column":33},"end":{"line":92,"column":null}},"line":92},"7":{"name":"(anonymous_7)","decl":{"start":{"line":95,"column":29},"end":{"line":95,"column":34}},"loc":{"start":{"line":95,"column":34},"end":{"line":95,"column":null}},"line":95},"8":{"name":"(anonymous_8)","decl":{"start":{"line":142,"column":27},"end":{"line":142,"column":33}},"loc":{"start":{"line":142,"column":33},"end":{"line":142,"column":null}},"line":142}},"branchMap":{"0":{"loc":{"start":{"line":16,"column":16},"end":{"line":16,"column":null}},"type":"binary-expr","locations":[{"start":{"line":16,"column":16},"end":{"line":16,"column":44}},{"start":{"line":16,"column":48},"end":{"line":16,"column":null}}],"line":16},"1":{"loc":{"start":{"line":27,"column":8},"end":{"line":27,"column":null}},"type":"if","locations":[{"start":{"line":27,"column":8},"end":{"line":27,"column":null}},{"start":{},"end":{}}],"line":27},"2":{"loc":{"start":{"line":72,"column":11},"end":{"line":144,"column":null}},"type":"cond-expr","locations":[{"start":{"line":73,"column":38},"end":{"line":85,"column":27}},{"start":{"line":85,"column":14},"end":{"line":144,"column":null}}],"line":72},"3":{"loc":{"start":{"line":85,"column":14},"end":{"line":144,"column":null}},"type":"cond-expr","locations":[{"start":{"line":86,"column":29},"end":{"line":127,"column":65}},{"start":{"line":127,"column":65},"end":{"line":144,"column":null}}],"line":85},"4":{"loc":{"start":{"line":95,"column":34},"end":{"line":95,"column":null}},"type":"binary-expr","locations":[{"start":{"line":95,"column":34},"end":{"line":95,"column":55}},{"start":{"line":95,"column":55},"end":{"line":95,"column":null}}],"line":95},"5":{"loc":{"start":{"line":97,"column":19},"end":{"line":107,"column":null}},"type":"cond-expr","locations":[{"start":{"line":97,"column":46},"end":{"line":105,"column":21}},{"start":{"line":105,"column":20},"end":{"line":107,"column":null}}],"line":97},"6":{"loc":{"start":{"line":113,"column":21},"end":{"line":119,"column":null}},"type":"binary-expr","locations":[{"start":{"line":113,"column":21},"end":{"line":113,"column":37}},{"start":{"line":113,"column":37},"end":{"line":119,"column":null}}],"line":113}},"s":{"0":1,"1":1,"2":4,"3":4,"4":4,"5":4,"6":2,"7":2,"8":2,"9":2,"10":2,"11":2,"12":2,"13":4,"14":0,"15":6,"16":1,"17":0,"18":0,"19":0},"f":{"0":4,"1":2,"2":2,"3":0,"4":6,"5":1,"6":0,"7":0,"8":0},"b":{"0":[1,1],"1":[2,0],"2":[2,2],"3":[1,1],"4":[0,0],"5":[0,1],"6":[1,1]},"meta":{"lastBranch":7,"lastFunction":9,"lastStatement":20,"seen":{"s:16:16:16:Infinity":0,"b:16:16:16:44:16:48:16:Infinity":0,"s:18:26:160:Infinity":1,"f:18:26:18:Infinity":0,"s:19:8:19:Infinity":2,"s:20:39:20:Infinity":3,"s:21:37:21:Infinity":4,"s:23:2:35:Infinity":5,"f:23:12:23:Infinity":1,"s:24:24:33:Infinity":6,"f:24:24:24:Infinity":2,"s:25:6:32:Infinity":7,"s:26:20:26:Infinity":8,"b:27:8:27:Infinity:undefined:undefined:undefined:undefined":1,"s:27:8:27:Infinity":9,"s:27:20:27:Infinity":10,"s:31:8:31:Infinity":11,"s:34:4:34:Infinity":12,"s:37:2:156:Infinity":13,"f:64:23:64:29":3,"s:64:29:64:Infinity":14,"b:73:38:85:27:85:14:144:Infinity":2,"f:75:33:75:34":4,"s:75:37:76:29":15,"b:86:29:127:65:127:65:144:Infinity":3,"f:88:32:88:Infinity":5,"s:88:32:90:Infinity":16,"f:92:27:92:33":6,"s:92:33:92:Infinity":17,"f:95:29:95:34":7,"s:95:34:95:Infinity":18,"b:95:34:95:55:95:55:95:Infinity":4,"b:97:46:105:21:105:20:107:Infinity":5,"b:113:21:113:37:113:37:119:Infinity":6,"f:142:27:142:33":8,"s:142:33:142:Infinity":19},"fnNames":{}}}
,"D:\\University\\3rd Semester\\2YP Project\\e23-co2060-PeraWave\\Code\\PeraWaveFrontEnd\\src\\styles\\welcome.css": {"path":"D:\\University\\3rd Semester\\2YP Project\\e23-co2060-PeraWave\\Code\\PeraWaveFrontEnd\\src\\styles\\welcome.css","statementMap":{},"fnMap":{},"branchMap":{},"s":{},"f":{},"b":{},"meta":{"lastBranch":0,"lastFunction":0,"lastStatement":0,"seen":{},"fnNames":{}}}
,"D:\\University\\3rd Semester\\2YP Project\\e23-co2060-PeraWave\\Code\\PeraWaveFrontEnd\\src\\styles\\wiki.css": {"path":"D:\\University\\3rd Semester\\2YP Project\\e23-co2060-PeraWave\\Code\\PeraWaveFrontEnd\\src\\styles\\wiki.css","statementMap":{},"fnMap":{},"branchMap":{},"s":{},"f":{},"b":{},"meta":{"lastBranch":0,"lastFunction":0,"lastStatement":0,"seen":{},"fnNames":{}}}
}
