{"D:\\University\\3rd Semester\\2YP Project\\e23-co2060-PeraWave\\Code\\PeraWaveBackEnd\\src\\server.ts": {"path":"D:\\University\\3rd Semester\\2YP Project\\e23-co2060-PeraWave\\Code\\PeraWaveBackEnd\\src\\server.ts","statementMap":{"0":{"start":{"line":12,"column":12},"end":{"line":12,"column":20}},"1":{"start":{"line":13,"column":13},"end":{"line":13,"column":null}},"2":{"start":{"line":16,"column":0},"end":{"line":16,"column":null}},"3":{"start":{"line":17,"column":0},"end":{"line":17,"column":null}},"4":{"start":{"line":20,"column":0},"end":{"line":20,"column":null}},"5":{"start":{"line":21,"column":0},"end":{"line":21,"column":null}},"6":{"start":{"line":22,"column":0},"end":{"line":22,"column":null}},"7":{"start":{"line":23,"column":0},"end":{"line":23,"column":null}},"8":{"start":{"line":24,"column":0},"end":{"line":24,"column":null}},"9":{"start":{"line":25,"column":0},"end":{"line":25,"column":null}},"10":{"start":{"line":28,"column":0},"end":{"line":30,"column":null}},"11":{"start":{"line":29,"column":2},"end":{"line":29,"column":null}},"12":{"start":{"line":33,"column":0},"end":{"line":37,"column":null}},"13":{"start":{"line":34,"column":2},"end":{"line":36,"column":null}},"14":{"start":{"line":35,"column":4},"end":{"line":35,"column":null}}},"fnMap":{"0":{"name":"(anonymous_0)","decl":{"start":{"line":28,"column":8},"end":{"line":28,"column":24}},"loc":{"start":{"line":28,"column":37},"end":{"line":30,"column":1}},"line":28},"1":{"name":"(anonymous_1)","decl":{"start":{"line":34,"column":13},"end":{"line":34,"column":25}},"loc":{"start":{"line":34,"column":25},"end":{"line":36,"column":3}},"line":34}},"branchMap":{"0":{"loc":{"start":{"line":13,"column":13},"end":{"line":13,"column":null}},"type":"binary-expr","locations":[{"start":{"line":13,"column":13},"end":{"line":13,"column":33}},{"start":{"line":13,"column":33},"end":{"line":13,"column":null}}],"line":13},"1":{"loc":{"start":{"line":33,"column":0},"end":{"line":37,"column":null}},"type":"if","locations":[{"start":{"line":33,"column":0},"end":{"line":37,"column":null}},{"start":{},"end":{}}],"line":33}},"s":{"0":2,"1":2,"2":2,"3":2,"4":2,"5":2,"6":2,"7":2,"8":2,"9":2,"10":2,"11":1,"12":2,"13":0,"14":0},"f":{"0":1,"1":0},"b":{"0":[2,0],"1":[0,2]},"meta":{"lastBranch":2,"lastFunction":2,"lastStatement":15,"seen":{"s:12:12:12:20":0,"s:13:13:13:Infinity":1,"b:13:13:13:33:13:33:13:Infinity":0,"s:16:0:16:Infinity":2,"s:17:0:17:Infinity":3,"s:20:0:20:Infinity":4,"s:21:0:21:Infinity":5,"s:22:0:22:Infinity":6,"s:23:0:23:Infinity":7,"s:24:0:24:Infinity":8,"s:25:0:25:Infinity":9,"s:28:0:30:Infinity":10,"f:28:8:28:24":0,"s:29:2:29:Infinity":11,"b:33:0:37:Infinity:undefined:undefined:undefined:undefined":1,"s:33:0:37:Infinity":12,"s:34:2:36:Infinity":13,"f:34:13:34:25":1,"s:35:4:35:Infinity":14},"fnNames":{}}}
,"D:\\University\\3rd Semester\\2YP Project\\e23-co2060-PeraWave\\Code\\PeraWaveBackEnd\\src\\config\\cloudinary.ts": {"path":"D:\\University\\3rd Semester\\2YP Project\\e23-co2060-PeraWave\\Code\\PeraWaveBackEnd\\src\\config\\cloudinary.ts","statementMap":{"0":{"start":{"line":4,"column":0},"end":{"line":8,"column":null}}},"fnMap":{},"branchMap":{},"s":{"0":2},"f":{},"b":{},"meta":{"lastBranch":0,"lastFunction":0,"lastStatement":1,"seen":{"s:4:0:8:Infinity":0},"fnNames":{}}}
,"D:\\University\\3rd Semester\\2YP Project\\e23-co2060-PeraWave\\Code\\PeraWaveBackEnd\\src\\config\\db.ts": {"path":"D:\\University\\3rd Semester\\2YP Project\\e23-co2060-PeraWave\\Code\\PeraWaveBackEnd\\src\\config\\db.ts","statementMap":{"0":{"start":{"line":6,"column":25},"end":{"line":6,"column":null}},"1":{"start":{"line":8,"column":13},"end":{"line":8,"column":null}},"2":{"start":{"line":9,"column":16},"end":{"line":9,"column":null}},"3":{"start":{"line":10,"column":15},"end":{"line":10,"column":null}}},"fnMap":{},"branchMap":{},"s":{"0":1,"1":1,"2":1,"3":1},"f":{},"b":{},"meta":{"lastBranch":0,"lastFunction":0,"lastStatement":4,"seen":{"s:6:25:6:Infinity":0,"s:8:13:8:Infinity":1,"s:9:16:9:Infinity":2,"s:10:15:10:Infinity":3},"fnNames":{}}}
,"D:\\University\\3rd Semester\\2YP Project\\e23-co2060-PeraWave\\Code\\PeraWaveBackEnd\\src\\controllers\\authController.ts": {"path":"D:\\University\\3rd Semester\\2YP Project\\e23-co2060-PeraWave\\Code\\PeraWaveBackEnd\\src\\controllers\\authController.ts","statementMap":{"0":{"start":{"line":8,"column":17},"end":{"line":8,"column":null}},"1":{"start":{"line":11,"column":23},"end":{"line":41,"column":null}},"2":{"start":{"line":12,"column":2},"end":{"line":40,"column":null}},"3":{"start":{"line":13,"column":22},"end":{"line":13,"column":null}},"4":{"start":{"line":14,"column":4},"end":{"line":14,"column":null}},"5":{"start":{"line":14,"column":16},"end":{"line":14,"column":null}},"6":{"start":{"line":16,"column":25},"end":{"line":16,"column":null}},"7":{"start":{"line":18,"column":4},"end":{"line":18,"column":null}},"8":{"start":{"line":18,"column":49},"end":{"line":18,"column":null}},"9":{"start":{"line":20,"column":16},"end":{"line":20,"column":null}},"10":{"start":{"line":21,"column":22},"end":{"line":21,"column":null}},"11":{"start":{"line":23,"column":4},"end":{"line":23,"column":null}},"12":{"start":{"line":25,"column":22},"end":{"line":29,"column":null}},"13":{"start":{"line":31,"column":4},"end":{"line":34,"column":null}},"14":{"start":{"line":32,"column":6},"end":{"line":32,"column":null}},"15":{"start":{"line":36,"column":4},"end":{"line":36,"column":null}},"16":{"start":{"line":38,"column":4},"end":{"line":38,"column":null}},"17":{"start":{"line":39,"column":4},"end":{"line":39,"column":null}},"18":{"start":{"line":43,"column":25},"end":{"line":72,"column":null}},"19":{"start":{"line":44,"column":2},"end":{"line":71,"column":null}},"20":{"start":{"line":45,"column":27},"end":{"line":45,"column":null}},"21":{"start":{"line":46,"column":4},"end":{"line":46,"column":null}},"22":{"start":{"line":46,"column":24},"end":{"line":46,"column":null}},"23":{"start":{"line":48,"column":26},"end":{"line":48,"column":null}},"24":{"start":{"line":49,"column":4},"end":{"line":49,"column":null}},"25":{"start":{"line":49,"column":24},"end":{"line":49,"column":null}},"26":{"start":{"line":51,"column":4},"end":{"line":54,"column":null}},"27":{"start":{"line":52,"column":6},"end":{"line":52,"column":null}},"28":{"start":{"line":53,"column":6},"end":{"line":53,"column":null}},"29":{"start":{"line":56,"column":4},"end":{"line":64,"column":null}},"30":{"start":{"line":57,"column":6},"end":{"line":57,"column":null}},"31":{"start":{"line":58,"column":6},"end":{"line":61,"column":null}},"32":{"start":{"line":59,"column":8},"end":{"line":59,"column":null}},"33":{"start":{"line":60,"column":8},"end":{"line":60,"column":null}},"34":{"start":{"line":62,"column":24},"end":{"line":62,"column":null}},"35":{"start":{"line":63,"column":6},"end":{"line":63,"column":null}},"36":{"start":{"line":66,"column":4},"end":{"line":66,"column":null}},"37":{"start":{"line":67,"column":4},"end":{"line":67,"column":null}},"38":{"start":{"line":69,"column":4},"end":{"line":69,"column":null}},"39":{"start":{"line":70,"column":4},"end":{"line":70,"column":null}},"40":{"start":{"line":74,"column":36},"end":{"line":104,"column":null}},"41":{"start":{"line":75,"column":2},"end":{"line":103,"column":null}},"42":{"start":{"line":76,"column":22},"end":{"line":76,"column":null}},"43":{"start":{"line":77,"column":4},"end":{"line":77,"column":null}},"44":{"start":{"line":77,"column":16},"end":{"line":77,"column":null}},"45":{"start":{"line":79,"column":25},"end":{"line":79,"column":null}},"46":{"start":{"line":80,"column":4},"end":{"line":82,"column":null}},"47":{"start":{"line":81,"column":6},"end":{"line":81,"column":null}},"48":{"start":{"line":84,"column":16},"end":{"line":84,"column":null}},"49":{"start":{"line":85,"column":22},"end":{"line":85,"column":null}},"50":{"start":{"line":87,"column":4},"end":{"line":87,"column":null}},"51":{"start":{"line":89,"column":22},"end":{"line":93,"column":null}},"52":{"start":{"line":95,"column":4},"end":{"line":97,"column":null}},"53":{"start":{"line":96,"column":6},"end":{"line":96,"column":null}},"54":{"start":{"line":99,"column":4},"end":{"line":99,"column":null}},"55":{"start":{"line":101,"column":4},"end":{"line":101,"column":null}},"56":{"start":{"line":102,"column":4},"end":{"line":102,"column":null}},"57":{"start":{"line":106,"column":29},"end":{"line":143,"column":null}},"58":{"start":{"line":107,"column":2},"end":{"line":142,"column":null}},"59":{"start":{"line":108,"column":40},"end":{"line":108,"column":null}},"60":{"start":{"line":109,"column":4},"end":{"line":109,"column":null}},"61":{"start":{"line":109,"column":40},"end":{"line":109,"column":null}},"62":{"start":{"line":111,"column":26},"end":{"line":111,"column":null}},"63":{"start":{"line":112,"column":4},"end":{"line":112,"column":null}},"64":{"start":{"line":112,"column":24},"end":{"line":112,"column":null}},"65":{"start":{"line":114,"column":4},"end":{"line":117,"column":null}},"66":{"start":{"line":115,"column":6},"end":{"line":115,"column":null}},"67":{"start":{"line":116,"column":6},"end":{"line":116,"column":null}},"68":{"start":{"line":119,"column":4},"end":{"line":127,"column":null}},"69":{"start":{"line":120,"column":6},"end":{"line":120,"column":null}},"70":{"start":{"line":121,"column":6},"end":{"line":124,"column":null}},"71":{"start":{"line":122,"column":8},"end":{"line":122,"column":null}},"72":{"start":{"line":123,"column":8},"end":{"line":123,"column":null}},"73":{"start":{"line":125,"column":24},"end":{"line":125,"column":null}},"74":{"start":{"line":126,"column":6},"end":{"line":126,"column":null}},"75":{"start":{"line":129,"column":23},"end":{"line":129,"column":null}},"76":{"start":{"line":130,"column":27},"end":{"line":130,"column":null}},"77":{"start":{"line":132,"column":4},"end":{"line":135,"column":null}},"78":{"start":{"line":137,"column":4},"end":{"line":137,"column":null}},"79":{"start":{"line":138,"column":4},"end":{"line":138,"column":null}},"80":{"start":{"line":140,"column":4},"end":{"line":140,"column":null}},"81":{"start":{"line":141,"column":4},"end":{"line":141,"column":null}},"82":{"start":{"line":145,"column":39},"end":{"line":175,"column":null}},"83":{"start":{"line":146,"column":2},"end":{"line":174,"column":null}},"84":{"start":{"line":147,"column":22},"end":{"line":147,"column":null}},"85":{"start":{"line":148,"column":4},"end":{"line":148,"column":null}},"86":{"start":{"line":148,"column":16},"end":{"line":148,"column":null}},"87":{"start":{"line":150,"column":24},"end":{"line":150,"column":null}},"88":{"start":{"line":151,"column":4},"end":{"line":153,"column":null}},"89":{"start":{"line":152,"column":6},"end":{"line":152,"column":null}},"90":{"start":{"line":155,"column":16},"end":{"line":155,"column":null}},"91":{"start":{"line":156,"column":22},"end":{"line":156,"column":null}},"92":{"start":{"line":158,"column":4},"end":{"line":158,"column":null}},"93":{"start":{"line":160,"column":22},"end":{"line":164,"column":null}},"94":{"start":{"line":166,"column":4},"end":{"line":168,"column":null}},"95":{"start":{"line":167,"column":6},"end":{"line":167,"column":null}},"96":{"start":{"line":170,"column":4},"end":{"line":170,"column":null}},"97":{"start":{"line":172,"column":4},"end":{"line":172,"column":null}},"98":{"start":{"line":173,"column":4},"end":{"line":173,"column":null}},"99":{"start":{"line":177,"column":32},"end":{"line":214,"column":null}},"100":{"start":{"line":178,"column":2},"end":{"line":213,"column":null}},"101":{"start":{"line":179,"column":40},"end":{"line":179,"column":null}},"102":{"start":{"line":180,"column":4},"end":{"line":180,"column":null}},"103":{"start":{"line":180,"column":40},"end":{"line":180,"column":null}},"104":{"start":{"line":182,"column":26},"end":{"line":182,"column":null}},"105":{"start":{"line":183,"column":4},"end":{"line":183,"column":null}},"106":{"start":{"line":183,"column":24},"end":{"line":183,"column":null}},"107":{"start":{"line":185,"column":4},"end":{"line":188,"column":null}},"108":{"start":{"line":186,"column":6},"end":{"line":186,"column":null}},"109":{"start":{"line":187,"column":6},"end":{"line":187,"column":null}},"110":{"start":{"line":190,"column":4},"end":{"line":198,"column":null}},"111":{"start":{"line":191,"column":6},"end":{"line":191,"column":null}},"112":{"start":{"line":192,"column":6},"end":{"line":195,"column":null}},"113":{"start":{"line":193,"column":8},"end":{"line":193,"column":null}},"114":{"start":{"line":194,"column":8},"end":{"line":194,"column":null}},"115":{"start":{"line":196,"column":24},"end":{"line":196,"column":null}},"116":{"start":{"line":197,"column":6},"end":{"line":197,"column":null}},"117":{"start":{"line":200,"column":23},"end":{"line":200,"column":null}},"118":{"start":{"line":201,"column":27},"end":{"line":201,"column":null}},"119":{"start":{"line":203,"column":4},"end":{"line":206,"column":null}},"120":{"start":{"line":208,"column":4},"end":{"line":208,"column":null}},"121":{"start":{"line":209,"column":4},"end":{"line":209,"column":null}},"122":{"start":{"line":211,"column":4},"end":{"line":211,"column":null}},"123":{"start":{"line":212,"column":4},"end":{"line":212,"column":null}},"124":{"start":{"line":216,"column":28},"end":{"line":294,"column":null}},"125":{"start":{"line":217,"column":2},"end":{"line":293,"column":null}},"126":{"start":{"line":218,"column":71},"end":{"line":218,"column":null}},"127":{"start":{"line":221,"column":4},"end":{"line":223,"column":null}},"128":{"start":{"line":222,"column":6},"end":{"line":222,"column":null}},"129":{"start":{"line":226,"column":25},"end":{"line":228,"column":null}},"130":{"start":{"line":230,"column":4},"end":{"line":232,"column":null}},"131":{"start":{"line":231,"column":6},"end":{"line":231,"column":null}},"132":{"start":{"line":235,"column":23},"end":{"line":235,"column":null}},"133":{"start":{"line":236,"column":27},"end":{"line":236,"column":null}},"134":{"start":{"line":239,"column":4},"end":{"line":264,"column":null}},"135":{"start":{"line":241,"column":6},"end":{"line":252,"column":null}},"136":{"start":{"line":255,"column":6},"end":{"line":263,"column":null}},"137":{"start":{"line":267,"column":18},"end":{"line":271,"column":null}},"138":{"start":{"line":274,"column":4},"end":{"line":284,"column":null}},"139":{"start":{"line":287,"column":4},"end":{"line":287,"column":null}},"140":{"start":{"line":288,"column":4},"end":{"line":292,"column":null}},"141":{"start":{"line":296,"column":25},"end":{"line":347,"column":null}},"142":{"start":{"line":297,"column":2},"end":{"line":346,"column":null}},"143":{"start":{"line":298,"column":32},"end":{"line":298,"column":null}},"144":{"start":{"line":300,"column":4},"end":{"line":302,"column":null}},"145":{"start":{"line":301,"column":6},"end":{"line":301,"column":null}},"146":{"start":{"line":304,"column":17},"end":{"line":304,"column":null}},"147":{"start":{"line":306,"column":4},"end":{"line":308,"column":null}},"148":{"start":{"line":307,"column":6},"end":{"line":307,"column":null}},"149":{"start":{"line":311,"column":4},"end":{"line":313,"column":null}},"150":{"start":{"line":312,"column":6},"end":{"line":312,"column":null}},"151":{"start":{"line":315,"column":28},"end":{"line":315,"column":null}},"152":{"start":{"line":317,"column":4},"end":{"line":319,"column":null}},"153":{"start":{"line":318,"column":6},"end":{"line":318,"column":null}},"154":{"start":{"line":321,"column":18},"end":{"line":325,"column":null}},"155":{"start":{"line":327,"column":4},"end":{"line":341,"column":null}},"156":{"start":{"line":344,"column":4},"end":{"line":344,"column":null}},"157":{"start":{"line":345,"column":4},"end":{"line":345,"column":null}},"158":{"start":{"line":349,"column":34},"end":{"line":377,"column":null}},"159":{"start":{"line":350,"column":2},"end":{"line":376,"column":null}},"160":{"start":{"line":351,"column":22},"end":{"line":351,"column":null}},"161":{"start":{"line":352,"column":4},"end":{"line":352,"column":null}},"162":{"start":{"line":352,"column":16},"end":{"line":352,"column":null}},"163":{"start":{"line":354,"column":24},"end":{"line":354,"column":null}},"164":{"start":{"line":355,"column":4},"end":{"line":355,"column":null}},"165":{"start":{"line":355,"column":21},"end":{"line":355,"column":null}},"166":{"start":{"line":357,"column":16},"end":{"line":357,"column":null}},"167":{"start":{"line":358,"column":22},"end":{"line":358,"column":null}},"168":{"start":{"line":360,"column":4},"end":{"line":360,"column":null}},"169":{"start":{"line":362,"column":22},"end":{"line":366,"column":null}},"170":{"start":{"line":368,"column":4},"end":{"line":370,"column":null}},"171":{"start":{"line":369,"column":6},"end":{"line":369,"column":null}},"172":{"start":{"line":372,"column":4},"end":{"line":372,"column":null}},"173":{"start":{"line":374,"column":4},"end":{"line":374,"column":null}},"174":{"start":{"line":375,"column":4},"end":{"line":375,"column":null}},"175":{"start":{"line":379,"column":27},"end":{"line":441,"column":null}},"176":{"start":{"line":380,"column":2},"end":{"line":440,"column":null}},"177":{"start":{"line":381,"column":54},"end":{"line":381,"column":null}},"178":{"start":{"line":383,"column":4},"end":{"line":385,"column":null}},"179":{"start":{"line":384,"column":6},"end":{"line":384,"column":null}},"180":{"start":{"line":387,"column":26},"end":{"line":387,"column":null}},"181":{"start":{"line":388,"column":4},"end":{"line":388,"column":null}},"182":{"start":{"line":388,"column":24},"end":{"line":388,"column":null}},"183":{"start":{"line":390,"column":4},"end":{"line":393,"column":null}},"184":{"start":{"line":391,"column":6},"end":{"line":391,"column":null}},"185":{"start":{"line":392,"column":6},"end":{"line":392,"column":null}},"186":{"start":{"line":395,"column":4},"end":{"line":403,"column":null}},"187":{"start":{"line":396,"column":6},"end":{"line":396,"column":null}},"188":{"start":{"line":397,"column":6},"end":{"line":400,"column":null}},"189":{"start":{"line":398,"column":8},"end":{"line":398,"column":null}},"190":{"start":{"line":399,"column":8},"end":{"line":399,"column":null}},"191":{"start":{"line":401,"column":24},"end":{"line":401,"column":null}},"192":{"start":{"line":402,"column":6},"end":{"line":402,"column":null}},"193":{"start":{"line":405,"column":25},"end":{"line":405,"column":null}},"194":{"start":{"line":406,"column":4},"end":{"line":408,"column":null}},"195":{"start":{"line":407,"column":6},"end":{"line":407,"column":null}},"196":{"start":{"line":410,"column":24},"end":{"line":410,"column":null}},"197":{"start":{"line":411,"column":4},"end":{"line":413,"column":null}},"198":{"start":{"line":412,"column":6},"end":{"line":412,"column":null}},"199":{"start":{"line":415,"column":27},"end":{"line":415,"column":null}},"200":{"start":{"line":417,"column":19},"end":{"line":423,"column":null}},"201":{"start":{"line":425,"column":4},"end":{"line":425,"column":null}},"202":{"start":{"line":427,"column":4},"end":{"line":435,"column":null}},"203":{"start":{"line":438,"column":4},"end":{"line":438,"column":null}},"204":{"start":{"line":439,"column":4},"end":{"line":439,"column":null}},"205":{"start":{"line":443,"column":24},"end":{"line":485,"column":null}},"206":{"start":{"line":444,"column":2},"end":{"line":484,"column":null}},"207":{"start":{"line":445,"column":32},"end":{"line":445,"column":null}},"208":{"start":{"line":447,"column":4},"end":{"line":449,"column":null}},"209":{"start":{"line":448,"column":6},"end":{"line":448,"column":null}},"210":{"start":{"line":451,"column":22},"end":{"line":451,"column":null}},"211":{"start":{"line":453,"column":4},"end":{"line":455,"column":null}},"212":{"start":{"line":454,"column":6},"end":{"line":454,"column":null}},"213":{"start":{"line":457,"column":28},"end":{"line":457,"column":null}},"214":{"start":{"line":459,"column":4},"end":{"line":461,"column":null}},"215":{"start":{"line":460,"column":6},"end":{"line":460,"column":null}},"216":{"start":{"line":463,"column":18},"end":{"line":467,"column":null}},"217":{"start":{"line":469,"column":4},"end":{"line":479,"column":null}},"218":{"start":{"line":482,"column":4},"end":{"line":482,"column":null}},"219":{"start":{"line":483,"column":4},"end":{"line":483,"column":null}},"220":{"start":{"line":487,"column":30},"end":{"line":531,"column":null}},"221":{"start":{"line":488,"column":2},"end":{"line":530,"column":null}},"222":{"start":{"line":489,"column":19},"end":{"line":489,"column":null}},"223":{"start":{"line":490,"column":17},"end":{"line":490,"column":null}},"224":{"start":{"line":492,"column":4},"end":{"line":494,"column":null}},"225":{"start":{"line":493,"column":6},"end":{"line":493,"column":null}},"226":{"start":{"line":496,"column":4},"end":{"line":526,"column":null}},"227":{"start":{"line":497,"column":18},"end":{"line":497,"column":null}},"228":{"start":{"line":498,"column":6},"end":{"line":498,"column":null}},"229":{"start":{"line":498,"column":16},"end":{"line":498,"column":null}},"230":{"start":{"line":499,"column":6},"end":{"line":505,"column":null}},"231":{"start":{"line":507,"column":19},"end":{"line":510,"column":null}},"232":{"start":{"line":511,"column":6},"end":{"line":511,"column":null}},"233":{"start":{"line":511,"column":17},"end":{"line":511,"column":null}},"234":{"start":{"line":512,"column":6},"end":{"line":512,"column":null}},"235":{"start":{"line":512,"column":26},"end":{"line":512,"column":null}},"236":{"start":{"line":513,"column":6},"end":{"line":525,"column":null}},"237":{"start":{"line":528,"column":4},"end":{"line":528,"column":null}},"238":{"start":{"line":529,"column":4},"end":{"line":529,"column":null}},"239":{"start":{"line":535,"column":31},"end":{"line":562,"column":null}},"240":{"start":{"line":536,"column":2},"end":{"line":561,"column":null}},"241":{"start":{"line":537,"column":19},"end":{"line":537,"column":null}},"242":{"start":{"line":538,"column":4},"end":{"line":538,"column":null}},"243":{"start":{"line":538,"column":17},"end":{"line":538,"column":null}},"244":{"start":{"line":540,"column":26},"end":{"line":540,"column":null}},"245":{"start":{"line":541,"column":4},"end":{"line":543,"column":null}},"246":{"start":{"line":542,"column":6},"end":{"line":542,"column":null}},"247":{"start":{"line":545,"column":23},"end":{"line":548,"column":null}},"248":{"start":{"line":549,"column":20},"end":{"line":549,"column":null}},"249":{"start":{"line":549,"column":49},"end":{"line":549,"column":96}},"250":{"start":{"line":551,"column":20},"end":{"line":555,"column":null}},"251":{"start":{"line":557,"column":4},"end":{"line":557,"column":null}},"252":{"start":{"line":559,"column":4},"end":{"line":559,"column":null}},"253":{"start":{"line":560,"column":4},"end":{"line":560,"column":null}},"254":{"start":{"line":564,"column":24},"end":{"line":588,"column":null}},"255":{"start":{"line":565,"column":2},"end":{"line":587,"column":null}},"256":{"start":{"line":566,"column":19},"end":{"line":566,"column":null}},"257":{"start":{"line":567,"column":4},"end":{"line":569,"column":null}},"258":{"start":{"line":568,"column":6},"end":{"line":568,"column":null}},"259":{"start":{"line":572,"column":17},"end":{"line":572,"column":null}},"260":{"start":{"line":573,"column":4},"end":{"line":575,"column":null}},"261":{"start":{"line":574,"column":6},"end":{"line":574,"column":null}},"262":{"start":{"line":578,"column":4},"end":{"line":581,"column":null}},"263":{"start":{"line":583,"column":4},"end":{"line":583,"column":null}},"264":{"start":{"line":585,"column":4},"end":{"line":585,"column":null}},"265":{"start":{"line":586,"column":4},"end":{"line":586,"column":null}},"266":{"start":{"line":590,"column":27},"end":{"line":618,"column":null}},"267":{"start":{"line":591,"column":2},"end":{"line":617,"column":null}},"268":{"start":{"line":592,"column":18},"end":{"line":602,"column":null}},"269":{"start":{"line":605,"column":27},"end":{"line":611,"column":null}},"270":{"start":{"line":605,"column":46},"end":{"line":611,"column":6}},"271":{"start":{"line":613,"column":4},"end":{"line":613,"column":null}},"272":{"start":{"line":615,"column":4},"end":{"line":615,"column":null}},"273":{"start":{"line":616,"column":4},"end":{"line":616,"column":null}},"274":{"start":{"line":620,"column":37},"end":{"line":635,"column":null}},"275":{"start":{"line":621,"column":2},"end":{"line":634,"column":null}},"276":{"start":{"line":622,"column":19},"end":{"line":622,"column":null}},"277":{"start":{"line":623,"column":4},"end":{"line":623,"column":null}},"278":{"start":{"line":623,"column":17},"end":{"line":623,"column":null}},"279":{"start":{"line":625,"column":4},"end":{"line":628,"column":null}},"280":{"start":{"line":630,"column":4},"end":{"line":630,"column":null}},"281":{"start":{"line":632,"column":4},"end":{"line":632,"column":null}},"282":{"start":{"line":633,"column":4},"end":{"line":633,"column":null}},"283":{"start":{"line":637,"column":32},"end":{"line":652,"column":null}},"284":{"start":{"line":638,"column":2},"end":{"line":651,"column":null}},"285":{"start":{"line":639,"column":19},"end":{"line":639,"column":null}},"286":{"start":{"line":640,"column":4},"end":{"line":640,"column":null}},"287":{"start":{"line":640,"column":17},"end":{"line":640,"column":null}},"288":{"start":{"line":642,"column":26},"end":{"line":645,"column":null}},"289":{"start":{"line":647,"column":4},"end":{"line":647,"column":null}},"290":{"start":{"line":649,"column":4},"end":{"line":649,"column":null}},"291":{"start":{"line":650,"column":4},"end":{"line":650,"column":null}},"292":{"start":{"line":659,"column":32},"end":{"line":709,"column":null}},"293":{"start":{"line":660,"column":2},"end":{"line":708,"column":null}},"294":{"start":{"line":661,"column":19},"end":{"line":661,"column":null}},"295":{"start":{"line":662,"column":19},"end":{"line":662,"column":null}},"296":{"start":{"line":664,"column":4},"end":{"line":666,"column":null}},"297":{"start":{"line":665,"column":6},"end":{"line":665,"column":null}},"298":{"start":{"line":668,"column":17},"end":{"line":678,"column":null}},"299":{"start":{"line":680,"column":4},"end":{"line":682,"column":null}},"300":{"start":{"line":681,"column":6},"end":{"line":681,"column":null}},"301":{"start":{"line":685,"column":16},"end":{"line":685,"column":null}},"302":{"start":{"line":686,"column":4},"end":{"line":696,"column":null}},"303":{"start":{"line":687,"column":18},"end":{"line":687,"column":null}},"304":{"start":{"line":688,"column":6},"end":{"line":695,"column":null}},"305":{"start":{"line":689,"column":22},"end":{"line":689,"column":null}},"306":{"start":{"line":690,"column":8},"end":{"line":690,"column":null}},"307":{"start":{"line":690,"column":31},"end":{"line":690,"column":null}},"308":{"start":{"line":691,"column":13},"end":{"line":695,"column":null}},"309":{"start":{"line":692,"column":8},"end":{"line":692,"column":null}},"310":{"start":{"line":694,"column":8},"end":{"line":694,"column":null}},"311":{"start":{"line":698,"column":4},"end":{"line":704,"column":null}},"312":{"start":{"line":706,"column":4},"end":{"line":706,"column":null}},"313":{"start":{"line":707,"column":4},"end":{"line":707,"column":null}}},"fnMap":{"0":{"name":"(anonymous_0)","decl":{"start":{"line":11,"column":23},"end":{"line":11,"column":30}},"loc":{"start":{"line":11,"column":62},"end":{"line":41,"column":null}},"line":11},"1":{"name":"(anonymous_1)","decl":{"start":{"line":43,"column":25},"end":{"line":43,"column":32}},"loc":{"start":{"line":43,"column":64},"end":{"line":72,"column":null}},"line":43},"2":{"name":"(anonymous_2)","decl":{"start":{"line":74,"column":36},"end":{"line":74,"column":43}},"loc":{"start":{"line":74,"column":75},"end":{"line":104,"column":null}},"line":74},"3":{"name":"(anonymous_3)","decl":{"start":{"line":106,"column":29},"end":{"line":106,"column":36}},"loc":{"start":{"line":106,"column":68},"end":{"line":143,"column":null}},"line":106},"4":{"name":"(anonymous_4)","decl":{"start":{"line":145,"column":39},"end":{"line":145,"column":46}},"loc":{"start":{"line":145,"column":78},"end":{"line":175,"column":null}},"line":145},"5":{"name":"(anonymous_5)","decl":{"start":{"line":177,"column":32},"end":{"line":177,"column":39}},"loc":{"start":{"line":177,"column":71},"end":{"line":214,"column":null}},"line":177},"6":{"name":"(anonymous_6)","decl":{"start":{"line":216,"column":28},"end":{"line":216,"column":35}},"loc":{"start":{"line":216,"column":67},"end":{"line":294,"column":null}},"line":216},"7":{"name":"(anonymous_7)","decl":{"start":{"line":296,"column":25},"end":{"line":296,"column":32}},"loc":{"start":{"line":296,"column":64},"end":{"line":347,"column":null}},"line":296},"8":{"name":"(anonymous_8)","decl":{"start":{"line":349,"column":34},"end":{"line":349,"column":41}},"loc":{"start":{"line":349,"column":73},"end":{"line":377,"column":null}},"line":349},"9":{"name":"(anonymous_9)","decl":{"start":{"line":379,"column":27},"end":{"line":379,"column":34}},"loc":{"start":{"line":379,"column":66},"end":{"line":441,"column":null}},"line":379},"10":{"name":"(anonymous_10)","decl":{"start":{"line":443,"column":24},"end":{"line":443,"column":31}},"loc":{"start":{"line":443,"column":63},"end":{"line":485,"column":null}},"line":443},"11":{"name":"(anonymous_11)","decl":{"start":{"line":487,"column":30},"end":{"line":487,"column":37}},"loc":{"start":{"line":487,"column":65},"end":{"line":531,"column":null}},"line":487},"12":{"name":"(anonymous_12)","decl":{"start":{"line":535,"column":31},"end":{"line":535,"column":38}},"loc":{"start":{"line":535,"column":66},"end":{"line":562,"column":null}},"line":535},"13":{"name":"(anonymous_13)","decl":{"start":{"line":549,"column":30},"end":{"line":549,"column":38}},"loc":{"start":{"line":549,"column":49},"end":{"line":549,"column":96}},"line":549},"14":{"name":"(anonymous_14)","decl":{"start":{"line":564,"column":24},"end":{"line":564,"column":31}},"loc":{"start":{"line":564,"column":59},"end":{"line":588,"column":null}},"line":564},"15":{"name":"(anonymous_15)","decl":{"start":{"line":590,"column":27},"end":{"line":590,"column":34}},"loc":{"start":{"line":590,"column":62},"end":{"line":618,"column":null}},"line":590},"16":{"name":"(anonymous_16)","decl":{"start":{"line":605,"column":33},"end":{"line":605,"column":37}},"loc":{"start":{"line":605,"column":46},"end":{"line":611,"column":6}},"line":605},"17":{"name":"(anonymous_17)","decl":{"start":{"line":620,"column":37},"end":{"line":620,"column":44}},"loc":{"start":{"line":620,"column":72},"end":{"line":635,"column":null}},"line":620},"18":{"name":"(anonymous_18)","decl":{"start":{"line":637,"column":32},"end":{"line":637,"column":39}},"loc":{"start":{"line":637,"column":67},"end":{"line":652,"column":null}},"line":637},"19":{"name":"(anonymous_19)","decl":{"start":{"line":659,"column":32},"end":{"line":659,"column":39}},"loc":{"start":{"line":659,"column":71},"end":{"line":709,"column":null}},"line":659}},"branchMap":{"0":{"loc":{"start":{"line":14,"column":4},"end":{"line":14,"column":null}},"type":"if","locations":[{"start":{"line":14,"column":4},"end":{"line":14,"column":null}},{"start":{},"end":{}}],"line":14},"1":{"loc":{"start":{"line":18,"column":4},"end":{"line":18,"column":null}},"type":"if","locations":[{"start":{"line":18,"column":4},"end":{"line":18,"column":null}},{"start":{},"end":{}}],"line":18},"2":{"loc":{"start":{"line":18,"column":8},"end":{"line":18,"column":49}},"type":"binary-expr","locations":[{"start":{"line":18,"column":8},"end":{"line":18,"column":24}},{"start":{"line":18,"column":24},"end":{"line":18,"column":49}}],"line":18},"3":{"loc":{"start":{"line":31,"column":4},"end":{"line":34,"column":null}},"type":"if","locations":[{"start":{"line":31,"column":4},"end":{"line":34,"column":null}},{"start":{},"end":{}}],"line":31},"4":{"loc":{"start":{"line":46,"column":4},"end":{"line":46,"column":null}},"type":"if","locations":[{"start":{"line":46,"column":4},"end":{"line":46,"column":null}},{"start":{},"end":{}}],"line":46},"5":{"loc":{"start":{"line":46,"column":8},"end":{"line":46,"column":24}},"type":"binary-expr","locations":[{"start":{"line":46,"column":8},"end":{"line":46,"column":18}},{"start":{"line":46,"column":18},"end":{"line":46,"column":24}}],"line":46},"6":{"loc":{"start":{"line":49,"column":4},"end":{"line":49,"column":null}},"type":"if","locations":[{"start":{"line":49,"column":4},"end":{"line":49,"column":null}},{"start":{},"end":{}}],"line":49},"7":{"loc":{"start":{"line":51,"column":4},"end":{"line":54,"column":null}},"type":"if","locations":[{"start":{"line":51,"column":4},"end":{"line":54,"column":null}},{"start":{},"end":{}}],"line":51},"8":{"loc":{"start":{"line":56,"column":4},"end":{"line":64,"column":null}},"type":"if","locations":[{"start":{"line":56,"column":4},"end":{"line":64,"column":null}},{"start":{},"end":{}}],"line":56},"9":{"loc":{"start":{"line":58,"column":6},"end":{"line":61,"column":null}},"type":"if","locations":[{"start":{"line":58,"column":6},"end":{"line":61,"column":null}},{"start":{},"end":{}}],"line":58},"10":{"loc":{"start":{"line":63,"column":79},"end":{"line":63,"column":106}},"type":"cond-expr","locations":[{"start":{"line":63,"column":97},"end":{"line":63,"column":102}},{"start":{"line":63,"column":102},"end":{"line":63,"column":106}}],"line":63},"11":{"loc":{"start":{"line":77,"column":4},"end":{"line":77,"column":null}},"type":"if","locations":[{"start":{"line":77,"column":4},"end":{"line":77,"column":null}},{"start":{},"end":{}}],"line":77},"12":{"loc":{"start":{"line":80,"column":4},"end":{"line":82,"column":null}},"type":"if","locations":[{"start":{"line":80,"column":4},"end":{"line":82,"column":null}},{"start":{},"end":{}}],"line":80},"13":{"loc":{"start":{"line":80,"column":8},"end":{"line":80,"column":49}},"type":"binary-expr","locations":[{"start":{"line":80,"column":8},"end":{"line":80,"column":25}},{"start":{"line":80,"column":25},"end":{"line":80,"column":49}}],"line":80},"14":{"loc":{"start":{"line":95,"column":4},"end":{"line":97,"column":null}},"type":"if","locations":[{"start":{"line":95,"column":4},"end":{"line":97,"column":null}},{"start":{},"end":{}}],"line":95},"15":{"loc":{"start":{"line":109,"column":4},"end":{"line":109,"column":null}},"type":"if","locations":[{"start":{"line":109,"column":4},"end":{"line":109,"column":null}},{"start":{},"end":{}}],"line":109},"16":{"loc":{"start":{"line":109,"column":8},"end":{"line":109,"column":40}},"type":"binary-expr","locations":[{"start":{"line":109,"column":8},"end":{"line":109,"column":18}},{"start":{"line":109,"column":18},"end":{"line":109,"column":26}},{"start":{"line":109,"column":26},"end":{"line":109,"column":40}}],"line":109},"17":{"loc":{"start":{"line":112,"column":4},"end":{"line":112,"column":null}},"type":"if","locations":[{"start":{"line":112,"column":4},"end":{"line":112,"column":null}},{"start":{},"end":{}}],"line":112},"18":{"loc":{"start":{"line":114,"column":4},"end":{"line":117,"column":null}},"type":"if","locations":[{"start":{"line":114,"column":4},"end":{"line":117,"column":null}},{"start":{},"end":{}}],"line":114},"19":{"loc":{"start":{"line":119,"column":4},"end":{"line":127,"column":null}},"type":"if","locations":[{"start":{"line":119,"column":4},"end":{"line":127,"column":null}},{"start":{},"end":{}}],"line":119},"20":{"loc":{"start":{"line":121,"column":6},"end":{"line":124,"column":null}},"type":"if","locations":[{"start":{"line":121,"column":6},"end":{"line":124,"column":null}},{"start":{},"end":{}}],"line":121},"21":{"loc":{"start":{"line":126,"column":79},"end":{"line":126,"column":106}},"type":"cond-expr","locations":[{"start":{"line":126,"column":97},"end":{"line":126,"column":102}},{"start":{"line":126,"column":102},"end":{"line":126,"column":106}}],"line":126},"22":{"loc":{"start":{"line":148,"column":4},"end":{"line":148,"column":null}},"type":"if","locations":[{"start":{"line":148,"column":4},"end":{"line":148,"column":null}},{"start":{},"end":{}}],"line":148},"23":{"loc":{"start":{"line":151,"column":4},"end":{"line":153,"column":null}},"type":"if","locations":[{"start":{"line":151,"column":4},"end":{"line":153,"column":null}},{"start":{},"end":{}}],"line":151},"24":{"loc":{"start":{"line":166,"column":4},"end":{"line":168,"column":null}},"type":"if","locations":[{"start":{"line":166,"column":4},"end":{"line":168,"column":null}},{"start":{},"end":{}}],"line":166},"25":{"loc":{"start":{"line":180,"column":4},"end":{"line":180,"column":null}},"type":"if","locations":[{"start":{"line":180,"column":4},"end":{"line":180,"column":null}},{"start":{},"end":{}}],"line":180},"26":{"loc":{"start":{"line":180,"column":8},"end":{"line":180,"column":40}},"type":"binary-expr","locations":[{"start":{"line":180,"column":8},"end":{"line":180,"column":18}},{"start":{"line":180,"column":18},"end":{"line":180,"column":26}},{"start":{"line":180,"column":26},"end":{"line":180,"column":40}}],"line":180},"27":{"loc":{"start":{"line":183,"column":4},"end":{"line":183,"column":null}},"type":"if","locations":[{"start":{"line":183,"column":4},"end":{"line":183,"column":null}},{"start":{},"end":{}}],"line":183},"28":{"loc":{"start":{"line":185,"column":4},"end":{"line":188,"column":null}},"type":"if","locations":[{"start":{"line":185,"column":4},"end":{"line":188,"column":null}},{"start":{},"end":{}}],"line":185},"29":{"loc":{"start":{"line":190,"column":4},"end":{"line":198,"column":null}},"type":"if","locations":[{"start":{"line":190,"column":4},"end":{"line":198,"column":null}},{"start":{},"end":{}}],"line":190},"30":{"loc":{"start":{"line":192,"column":6},"end":{"line":195,"column":null}},"type":"if","locations":[{"start":{"line":192,"column":6},"end":{"line":195,"column":null}},{"start":{},"end":{}}],"line":192},"31":{"loc":{"start":{"line":197,"column":79},"end":{"line":197,"column":106}},"type":"cond-expr","locations":[{"start":{"line":197,"column":97},"end":{"line":197,"column":102}},{"start":{"line":197,"column":102},"end":{"line":197,"column":106}}],"line":197},"32":{"loc":{"start":{"line":221,"column":4},"end":{"line":223,"column":null}},"type":"if","locations":[{"start":{"line":221,"column":4},"end":{"line":223,"column":null}},{"start":{},"end":{}}],"line":221},"33":{"loc":{"start":{"line":221,"column":8},"end":{"line":221,"column":29}},"type":"binary-expr","locations":[{"start":{"line":221,"column":8},"end":{"line":221,"column":18}},{"start":{"line":221,"column":18},"end":{"line":221,"column":29}}],"line":221},"34":{"loc":{"start":{"line":230,"column":4},"end":{"line":232,"column":null}},"type":"if","locations":[{"start":{"line":230,"column":4},"end":{"line":232,"column":null}},{"start":{},"end":{}}],"line":230},"35":{"loc":{"start":{"line":230,"column":8},"end":{"line":230,"column":49}},"type":"binary-expr","locations":[{"start":{"line":230,"column":8},"end":{"line":230,"column":24}},{"start":{"line":230,"column":24},"end":{"line":230,"column":49}}],"line":230},"36":{"loc":{"start":{"line":239,"column":4},"end":{"line":264,"column":null}},"type":"if","locations":[{"start":{"line":239,"column":4},"end":{"line":264,"column":null}},{"start":{"line":253,"column":11},"end":{"line":264,"column":null}}],"line":239},"37":{"loc":{"start":{"line":239,"column":8},"end":{"line":239,"column":48}},"type":"binary-expr","locations":[{"start":{"line":239,"column":8},"end":{"line":239,"column":24}},{"start":{"line":239,"column":24},"end":{"line":239,"column":48}}],"line":239},"38":{"loc":{"start":{"line":269,"column":6},"end":{"line":269,"column":null}},"type":"binary-expr","locations":[{"start":{"line":269,"column":6},"end":{"line":269,"column":32}},{"start":{"line":269,"column":32},"end":{"line":269,"column":null}}],"line":269},"39":{"loc":{"start":{"line":290,"column":15},"end":{"line":290,"column":null}},"type":"binary-expr","locations":[{"start":{"line":290,"column":15},"end":{"line":290,"column":33}},{"start":{"line":290,"column":33},"end":{"line":290,"column":null}}],"line":290},"40":{"loc":{"start":{"line":300,"column":4},"end":{"line":302,"column":null}},"type":"if","locations":[{"start":{"line":300,"column":4},"end":{"line":302,"column":null}},{"start":{},"end":{}}],"line":300},"41":{"loc":{"start":{"line":300,"column":8},"end":{"line":300,"column":29}},"type":"binary-expr","locations":[{"start":{"line":300,"column":8},"end":{"line":300,"column":18}},{"start":{"line":300,"column":18},"end":{"line":300,"column":29}}],"line":300},"42":{"loc":{"start":{"line":306,"column":4},"end":{"line":308,"column":null}},"type":"if","locations":[{"start":{"line":306,"column":4},"end":{"line":308,"column":null}},{"start":{},"end":{}}],"line":306},"43":{"loc":{"start":{"line":311,"column":4},"end":{"line":313,"column":null}},"type":"if","locations":[{"start":{"line":311,"column":4},"end":{"line":313,"column":null}},{"start":{},"end":{}}],"line":311},"44":{"loc":{"start":{"line":317,"column":4},"end":{"line":319,"column":null}},"type":"if","locations":[{"start":{"line":317,"column":4},"end":{"line":319,"column":null}},{"start":{},"end":{}}],"line":317},"45":{"loc":{"start":{"line":323,"column":6},"end":{"line":323,"column":null}},"type":"binary-expr","locations":[{"start":{"line":323,"column":6},"end":{"line":323,"column":32}},{"start":{"line":323,"column":32},"end":{"line":323,"column":null}}],"line":323},"46":{"loc":{"start":{"line":352,"column":4},"end":{"line":352,"column":null}},"type":"if","locations":[{"start":{"line":352,"column":4},"end":{"line":352,"column":null}},{"start":{},"end":{}}],"line":352},"47":{"loc":{"start":{"line":355,"column":4},"end":{"line":355,"column":null}},"type":"if","locations":[{"start":{"line":355,"column":4},"end":{"line":355,"column":null}},{"start":{},"end":{}}],"line":355},"48":{"loc":{"start":{"line":368,"column":4},"end":{"line":370,"column":null}},"type":"if","locations":[{"start":{"line":368,"column":4},"end":{"line":370,"column":null}},{"start":{},"end":{}}],"line":368},"49":{"loc":{"start":{"line":383,"column":4},"end":{"line":385,"column":null}},"type":"if","locations":[{"start":{"line":383,"column":4},"end":{"line":385,"column":null}},{"start":{},"end":{}}],"line":383},"50":{"loc":{"start":{"line":383,"column":8},"end":{"line":383,"column":60}},"type":"binary-expr","locations":[{"start":{"line":383,"column":8},"end":{"line":383,"column":17}},{"start":{"line":383,"column":17},"end":{"line":383,"column":27}},{"start":{"line":383,"column":27},"end":{"line":383,"column":40}},{"start":{"line":383,"column":40},"end":{"line":383,"column":54}},{"start":{"line":383,"column":54},"end":{"line":383,"column":60}}],"line":383},"51":{"loc":{"start":{"line":388,"column":4},"end":{"line":388,"column":null}},"type":"if","locations":[{"start":{"line":388,"column":4},"end":{"line":388,"column":null}},{"start":{},"end":{}}],"line":388},"52":{"loc":{"start":{"line":390,"column":4},"end":{"line":393,"column":null}},"type":"if","locations":[{"start":{"line":390,"column":4},"end":{"line":393,"column":null}},{"start":{},"end":{}}],"line":390},"53":{"loc":{"start":{"line":395,"column":4},"end":{"line":403,"column":null}},"type":"if","locations":[{"start":{"line":395,"column":4},"end":{"line":403,"column":null}},{"start":{},"end":{}}],"line":395},"54":{"loc":{"start":{"line":397,"column":6},"end":{"line":400,"column":null}},"type":"if","locations":[{"start":{"line":397,"column":6},"end":{"line":400,"column":null}},{"start":{},"end":{}}],"line":397},"55":{"loc":{"start":{"line":402,"column":79},"end":{"line":402,"column":106}},"type":"cond-expr","locations":[{"start":{"line":402,"column":97},"end":{"line":402,"column":102}},{"start":{"line":402,"column":102},"end":{"line":402,"column":106}}],"line":402},"56":{"loc":{"start":{"line":405,"column":25},"end":{"line":405,"column":null}},"type":"binary-expr","locations":[{"start":{"line":405,"column":25},"end":{"line":405,"column":64}},{"start":{"line":405,"column":64},"end":{"line":405,"column":null}}],"line":405},"57":{"loc":{"start":{"line":406,"column":4},"end":{"line":408,"column":null}},"type":"if","locations":[{"start":{"line":406,"column":4},"end":{"line":408,"column":null}},{"start":{},"end":{}}],"line":406},"58":{"loc":{"start":{"line":411,"column":4},"end":{"line":413,"column":null}},"type":"if","locations":[{"start":{"line":411,"column":4},"end":{"line":413,"column":null}},{"start":{},"end":{}}],"line":411},"59":{"loc":{"start":{"line":447,"column":4},"end":{"line":449,"column":null}},"type":"if","locations":[{"start":{"line":447,"column":4},"end":{"line":449,"column":null}},{"start":{},"end":{}}],"line":447},"60":{"loc":{"start":{"line":447,"column":8},"end":{"line":447,"column":29}},"type":"binary-expr","locations":[{"start":{"line":447,"column":8},"end":{"line":447,"column":18}},{"start":{"line":447,"column":18},"end":{"line":447,"column":29}}],"line":447},"61":{"loc":{"start":{"line":453,"column":4},"end":{"line":455,"column":null}},"type":"if","locations":[{"start":{"line":453,"column":4},"end":{"line":455,"column":null}},{"start":{},"end":{}}],"line":453},"62":{"loc":{"start":{"line":459,"column":4},"end":{"line":461,"column":null}},"type":"if","locations":[{"start":{"line":459,"column":4},"end":{"line":461,"column":null}},{"start":{},"end":{}}],"line":459},"63":{"loc":{"start":{"line":465,"column":6},"end":{"line":465,"column":null}},"type":"binary-expr","locations":[{"start":{"line":465,"column":6},"end":{"line":465,"column":32}},{"start":{"line":465,"column":32},"end":{"line":465,"column":null}}],"line":465},"64":{"loc":{"start":{"line":492,"column":4},"end":{"line":494,"column":null}},"type":"if","locations":[{"start":{"line":492,"column":4},"end":{"line":494,"column":null}},{"start":{},"end":{}}],"line":492},"65":{"loc":{"start":{"line":496,"column":4},"end":{"line":526,"column":null}},"type":"if","locations":[{"start":{"line":496,"column":4},"end":{"line":526,"column":null}},{"start":{"line":506,"column":11},"end":{"line":526,"column":null}}],"line":496},"66":{"loc":{"start":{"line":498,"column":6},"end":{"line":498,"column":null}},"type":"if","locations":[{"start":{"line":498,"column":6},"end":{"line":498,"column":null}},{"start":{},"end":{}}],"line":498},"67":{"loc":{"start":{"line":511,"column":6},"end":{"line":511,"column":null}},"type":"if","locations":[{"start":{"line":511,"column":6},"end":{"line":511,"column":null}},{"start":{},"end":{}}],"line":511},"68":{"loc":{"start":{"line":512,"column":6},"end":{"line":512,"column":null}},"type":"if","locations":[{"start":{"line":512,"column":6},"end":{"line":512,"column":null}},{"start":{},"end":{}}],"line":512},"69":{"loc":{"start":{"line":538,"column":4},"end":{"line":538,"column":null}},"type":"if","locations":[{"start":{"line":538,"column":4},"end":{"line":538,"column":null}},{"start":{},"end":{}}],"line":538},"70":{"loc":{"start":{"line":541,"column":4},"end":{"line":543,"column":null}},"type":"if","locations":[{"start":{"line":541,"column":4},"end":{"line":543,"column":null}},{"start":{},"end":{}}],"line":541},"71":{"loc":{"start":{"line":549,"column":49},"end":{"line":549,"column":96}},"type":"binary-expr","locations":[{"start":{"line":549,"column":49},"end":{"line":549,"column":74}},{"start":{"line":549,"column":74},"end":{"line":549,"column":96}}],"line":549},"72":{"loc":{"start":{"line":567,"column":4},"end":{"line":569,"column":null}},"type":"if","locations":[{"start":{"line":567,"column":4},"end":{"line":569,"column":null}},{"start":{},"end":{}}],"line":567},"73":{"loc":{"start":{"line":573,"column":4},"end":{"line":575,"column":null}},"type":"if","locations":[{"start":{"line":573,"column":4},"end":{"line":575,"column":null}},{"start":{},"end":{}}],"line":573},"74":{"loc":{"start":{"line":623,"column":4},"end":{"line":623,"column":null}},"type":"if","locations":[{"start":{"line":623,"column":4},"end":{"line":623,"column":null}},{"start":{},"end":{}}],"line":623},"75":{"loc":{"start":{"line":640,"column":4},"end":{"line":640,"column":null}},"type":"if","locations":[{"start":{"line":640,"column":4},"end":{"line":640,"column":null}},{"start":{},"end":{}}],"line":640},"76":{"loc":{"start":{"line":664,"column":4},"end":{"line":666,"column":null}},"type":"if","locations":[{"start":{"line":664,"column":4},"end":{"line":666,"column":null}},{"start":{},"end":{}}],"line":664},"77":{"loc":{"start":{"line":680,"column":4},"end":{"line":682,"column":null}},"type":"if","locations":[{"start":{"line":680,"column":4},"end":{"line":682,"column":null}},{"start":{},"end":{}}],"line":680},"78":{"loc":{"start":{"line":680,"column":8},"end":{"line":680,"column":33}},"type":"binary-expr","locations":[{"start":{"line":680,"column":8},"end":{"line":680,"column":17}},{"start":{"line":680,"column":17},"end":{"line":680,"column":33}}],"line":680},"79":{"loc":{"start":{"line":686,"column":4},"end":{"line":696,"column":null}},"type":"if","locations":[{"start":{"line":686,"column":4},"end":{"line":696,"column":null}},{"start":{},"end":{}}],"line":686},"80":{"loc":{"start":{"line":688,"column":6},"end":{"line":695,"column":null}},"type":"if","locations":[{"start":{"line":688,"column":6},"end":{"line":695,"column":null}},{"start":{"line":691,"column":13},"end":{"line":695,"column":null}}],"line":688},"81":{"loc":{"start":{"line":690,"column":8},"end":{"line":690,"column":null}},"type":"if","locations":[{"start":{"line":690,"column":8},"end":{"line":690,"column":null}},{"start":{},"end":{}}],"line":690},"82":{"loc":{"start":{"line":691,"column":13},"end":{"line":695,"column":null}},"type":"if","locations":[{"start":{"line":691,"column":13},"end":{"line":695,"column":null}},{"start":{"line":693,"column":13},"end":{"line":695,"column":null}}],"line":691}},"s":{"0":2,"1":2,"2":0,"3":0,"4":0,"5":0,"6":0,"7":0,"8":0,"9":0,"10":0,"11":0,"12":0,"13":0,"14":0,"15":0,"16":0,"17":0,"18":2,"19":0,"20":0,"21":0,"22":0,"23":0,"24":0,"25":0,"26":0,"27":0,"28":0,"29":0,"30":0,"31":0,"32":0,"33":0,"34":0,"35":0,"36":0,"37":0,"38":0,"39":0,"40":2,"41":0,"42":0,"43":0,"44":0,"45":0,"46":0,"47":0,"48":0,"49":0,"50":0,"51":0,"52":0,"53":0,"54":0,"55":0,"56":0,"57":2,"58":0,"59":0,"60":0,"61":0,"62":0,"63":0,"64":0,"65":0,"66":0,"67":0,"68":0,"69":0,"70":0,"71":0,"72":0,"73":0,"74":0,"75":0,"76":0,"77":0,"78":0,"79":0,"80":0,"81":0,"82":2,"83":0,"84":0,"85":0,"86":0,"87":0,"88":0,"89":0,"90":0,"91":0,"92":0,"93":0,"94":0,"95":0,"96":0,"97":0,"98":0,"99":2,"100":0,"101":0,"102":0,"103":0,"104":0,"105":0,"106":0,"107":0,"108":0,"109":0,"110":0,"111":0,"112":0,"113":0,"114":0,"115":0,"116":0,"117":0,"118":0,"119":0,"120":0,"121":0,"122":0,"123":0,"124":2,"125":0,"126":0,"127":0,"128":0,"129":0,"130":0,"131":0,"132":0,"133":0,"134":0,"135":0,"136":0,"137":0,"138":0,"139":0,"140":0,"141":2,"142":0,"143":0,"144":0,"145":0,"146":0,"147":0,"148":0,"149":0,"150":0,"151":0,"152":0,"153":0,"154":0,"155":0,"156":0,"157":0,"158":2,"159":0,"160":0,"161":0,"162":0,"163":0,"164":0,"165":0,"166":0,"167":0,"168":0,"169":0,"170":0,"171":0,"172":0,"173":0,"174":0,"175":2,"176":0,"177":0,"178":0,"179":0,"180":0,"181":0,"182":0,"183":0,"184":0,"185":0,"186":0,"187":0,"188":0,"189":0,"190":0,"191":0,"192":0,"193":0,"194":0,"195":0,"196":0,"197":0,"198":0,"199":0,"200":0,"201":0,"202":0,"203":0,"204":0,"205":2,"206":0,"207":0,"208":0,"209":0,"210":0,"211":0,"212":0,"213":0,"214":0,"215":0,"216":0,"217":0,"218":0,"219":0,"220":2,"221":0,"222":0,"223":0,"224":0,"225":0,"226":0,"227":0,"228":0,"229":0,"230":0,"231":0,"232":0,"233":0,"234":0,"235":0,"236":0,"237":0,"238":0,"239":2,"240":0,"241":0,"242":0,"243":0,"244":0,"245":0,"246":0,"247":0,"248":0,"249":0,"250":0,"251":0,"252":0,"253":0,"254":2,"255":0,"256":0,"257":0,"258":0,"259":0,"260":0,"261":0,"262":0,"263":0,"264":0,"265":0,"266":2,"267":0,"268":0,"269":0,"270":0,"271":0,"272":0,"273":0,"274":2,"275":0,"276":0,"277":0,"278":0,"279":0,"280":0,"281":0,"282":0,"283":2,"284":0,"285":0,"286":0,"287":0,"288":0,"289":0,"290":0,"291":0,"292":2,"293":0,"294":0,"295":0,"296":0,"297":0,"298":0,"299":0,"300":0,"301":0,"302":0,"303":0,"304":0,"305":0,"306":0,"307":0,"308":0,"309":0,"310":0,"311":0,"312":0,"313":0},"f":{"0":0,"1":0,"2":0,"3":0,"4":0,"5":0,"6":0,"7":0,"8":0,"9":0,"10":0,"11":0,"12":0,"13":0,"14":0,"15":0,"16":0,"17":0,"18":0,"19":0},"b":{"0":[0,0],"1":[0,0],"2":[0,0],"3":[0,0],"4":[0,0],"5":[0,0],"6":[0,0],"7":[0,0],"8":[0,0],"9":[0,0],"10":[0,0],"11":[0,0],"12":[0,0],"13":[0,0],"14":[0,0],"15":[0,0],"16":[0,0,0],"17":[0,0],"18":[0,0],"19":[0,0],"20":[0,0],"21":[0,0],"22":[0,0],"23":[0,0],"24":[0,0],"25":[0,0],"26":[0,0,0],"27":[0,0],"28":[0,0],"29":[0,0],"30":[0,0],"31":[0,0],"32":[0,0],"33":[0,0],"34":[0,0],"35":[0,0],"36":[0,0],"37":[0,0],"38":[0,0],"39":[0,0],"40":[0,0],"41":[0,0],"42":[0,0],"43":[0,0],"44":[0,0],"45":[0,0],"46":[0,0],"47":[0,0],"48":[0,0],"49":[0,0],"50":[0,0,0,0,0],"51":[0,0],"52":[0,0],"53":[0,0],"54":[0,0],"55":[0,0],"56":[0,0],"57":[0,0],"58":[0,0],"59":[0,0],"60":[0,0],"61":[0,0],"62":[0,0],"63":[0,0],"64":[0,0],"65":[0,0],"66":[0,0],"67":[0,0],"68":[0,0],"69":[0,0],"70":[0,0],"71":[0,0],"72":[0,0],"73":[0,0],"74":[0,0],"75":[0,0],"76":[0,0],"77":[0,0],"78":[0,0],"79":[0,0],"80":[0,0],"81":[0,0],"82":[0,0]},"meta":{"lastBranch":83,"lastFunction":20,"lastStatement":314,"seen":{"s:8:17:8:Infinity":0,"s:11:23:41:Infinity":1,"f:11:23:11:30":0,"s:12:2:40:Infinity":2,"s:13:22:13:Infinity":3,"b:14:4:14:Infinity:undefined:undefined:undefined:undefined":0,"s:14:4:14:Infinity":4,"s:14:16:14:Infinity":5,"s:16:25:16:Infinity":6,"b:18:4:18:Infinity:undefined:undefined:undefined:undefined":1,"s:18:4:18:Infinity":7,"b:18:8:18:24:18:24:18:49":2,"s:18:49:18:Infinity":8,"s:20:16:20:Infinity":9,"s:21:22:21:Infinity":10,"s:23:4:23:Infinity":11,"s:25:22:29:Infinity":12,"b:31:4:34:Infinity:undefined:undefined:undefined:undefined":3,"s:31:4:34:Infinity":13,"s:32:6:32:Infinity":14,"s:36:4:36:Infinity":15,"s:38:4:38:Infinity":16,"s:39:4:39:Infinity":17,"s:43:25:72:Infinity":18,"f:43:25:43:32":1,"s:44:2:71:Infinity":19,"s:45:27:45:Infinity":20,"b:46:4:46:Infinity:undefined:undefined:undefined:undefined":4,"s:46:4:46:Infinity":21,"b:46:8:46:18:46:18:46:24":5,"s:46:24:46:Infinity":22,"s:48:26:48:Infinity":23,"b:49:4:49:Infinity:undefined:undefined:undefined:undefined":6,"s:49:4:49:Infinity":24,"s:49:24:49:Infinity":25,"b:51:4:54:Infinity:undefined:undefined:undefined:undefined":7,"s:51:4:54:Infinity":26,"s:52:6:52:Infinity":27,"s:53:6:53:Infinity":28,"b:56:4:64:Infinity:undefined:undefined:undefined:undefined":8,"s:56:4:64:Infinity":29,"s:57:6:57:Infinity":30,"b:58:6:61:Infinity:undefined:undefined:undefined:undefined":9,"s:58:6:61:Infinity":31,"s:59:8:59:Infinity":32,"s:60:8:60:Infinity":33,"s:62:24:62:Infinity":34,"s:63:6:63:Infinity":35,"b:63:97:63:102:63:102:63:106":10,"s:66:4:66:Infinity":36,"s:67:4:67:Infinity":37,"s:69:4:69:Infinity":38,"s:70:4:70:Infinity":39,"s:74:36:104:Infinity":40,"f:74:36:74:43":2,"s:75:2:103:Infinity":41,"s:76:22:76:Infinity":42,"b:77:4:77:Infinity:undefined:undefined:undefined:undefined":11,"s:77:4:77:Infinity":43,"s:77:16:77:Infinity":44,"s:79:25:79:Infinity":45,"b:80:4:82:Infinity:undefined:undefined:undefined:undefined":12,"s:80:4:82:Infinity":46,"b:80:8:80:25:80:25:80:49":13,"s:81:6:81:Infinity":47,"s:84:16:84:Infinity":48,"s:85:22:85:Infinity":49,"s:87:4:87:Infinity":50,"s:89:22:93:Infinity":51,"b:95:4:97:Infinity:undefined:undefined:undefined:undefined":14,"s:95:4:97:Infinity":52,"s:96:6:96:Infinity":53,"s:99:4:99:Infinity":54,"s:101:4:101:Infinity":55,"s:102:4:102:Infinity":56,"s:106:29:143:Infinity":57,"f:106:29:106:36":3,"s:107:2:142:Infinity":58,"s:108:40:108:Infinity":59,"b:109:4:109:Infinity:undefined:undefined:undefined:undefined":15,"s:109:4:109:Infinity":60,"b:109:8:109:18:109:18:109:26:109:26:109:40":16,"s:109:40:109:Infinity":61,"s:111:26:111:Infinity":62,"b:112:4:112:Infinity:undefined:undefined:undefined:undefined":17,"s:112:4:112:Infinity":63,"s:112:24:112:Infinity":64,"b:114:4:117:Infinity:undefined:undefined:undefined:undefined":18,"s:114:4:117:Infinity":65,"s:115:6:115:Infinity":66,"s:116:6:116:Infinity":67,"b:119:4:127:Infinity:undefined:undefined:undefined:undefined":19,"s:119:4:127:Infinity":68,"s:120:6:120:Infinity":69,"b:121:6:124:Infinity:undefined:undefined:undefined:undefined":20,"s:121:6:124:Infinity":70,"s:122:8:122:Infinity":71,"s:123:8:123:Infinity":72,"s:125:24:125:Infinity":73,"s:126:6:126:Infinity":74,"b:126:97:126:102:126:102:126:106":21,"s:129:23:129:Infinity":75,"s:130:27:130:Infinity":76,"s:132:4:135:Infinity":77,"s:137:4:137:Infinity":78,"s:138:4:138:Infinity":79,"s:140:4:140:Infinity":80,"s:141:4:141:Infinity":81,"s:145:39:175:Infinity":82,"f:145:39:145:46":4,"s:146:2:174:Infinity":83,"s:147:22:147:Infinity":84,"b:148:4:148:Infinity:undefined:undefined:undefined:undefined":22,"s:148:4:148:Infinity":85,"s:148:16:148:Infinity":86,"s:150:24:150:Infinity":87,"b:151:4:153:Infinity:undefined:undefined:undefined:undefined":23,"s:151:4:153:Infinity":88,"s:152:6:152:Infinity":89,"s:155:16:155:Infinity":90,"s:156:22:156:Infinity":91,"s:158:4:158:Infinity":92,"s:160:22:164:Infinity":93,"b:166:4:168:Infinity:undefined:undefined:undefined:undefined":24,"s:166:4:168:Infinity":94,"s:167:6:167:Infinity":95,"s:170:4:170:Infinity":96,"s:172:4:172:Infinity":97,"s:173:4:173:Infinity":98,"s:177:32:214:Infinity":99,"f:177:32:177:39":5,"s:178:2:213:Infinity":100,"s:179:40:179:Infinity":101,"b:180:4:180:Infinity:undefined:undefined:undefined:undefined":25,"s:180:4:180:Infinity":102,"b:180:8:180:18:180:18:180:26:180:26:180:40":26,"s:180:40:180:Infinity":103,"s:182:26:182:Infinity":104,"b:183:4:183:Infinity:undefined:undefined:undefined:undefined":27,"s:183:4:183:Infinity":105,"s:183:24:183:Infinity":106,"b:185:4:188:Infinity:undefined:undefined:undefined:undefined":28,"s:185:4:188:Infinity":107,"s:186:6:186:Infinity":108,"s:187:6:187:Infinity":109,"b:190:4:198:Infinity:undefined:undefined:undefined:undefined":29,"s:190:4:198:Infinity":110,"s:191:6:191:Infinity":111,"b:192:6:195:Infinity:undefined:undefined:undefined:undefined":30,"s:192:6:195:Infinity":112,"s:193:8:193:Infinity":113,"s:194:8:194:Infinity":114,"s:196:24:196:Infinity":115,"s:197:6:197:Infinity":116,"b:197:97:197:102:197:102:197:106":31,"s:200:23:200:Infinity":117,"s:201:27:201:Infinity":118,"s:203:4:206:Infinity":119,"s:208:4:208:Infinity":120,"s:209:4:209:Infinity":121,"s:211:4:211:Infinity":122,"s:212:4:212:Infinity":123,"s:216:28:294:Infinity":124,"f:216:28:216:35":6,"s:217:2:293:Infinity":125,"s:218:71:218:Infinity":126,"b:221:4:223:Infinity:undefined:undefined:undefined:undefined":32,"s:221:4:223:Infinity":127,"b:221:8:221:18:221:18:221:29":33,"s:222:6:222:Infinity":128,"s:226:25:228:Infinity":129,"b:230:4:232:Infinity:undefined:undefined:undefined:undefined":34,"s:230:4:232:Infinity":130,"b:230:8:230:24:230:24:230:49":35,"s:231:6:231:Infinity":131,"s:235:23:235:Infinity":132,"s:236:27:236:Infinity":133,"b:239:4:264:Infinity:253:11:264:Infinity":36,"s:239:4:264:Infinity":134,"b:239:8:239:24:239:24:239:48":37,"s:241:6:252:Infinity":135,"s:255:6:263:Infinity":136,"s:267:18:271:Infinity":137,"b:269:6:269:32:269:32:269:Infinity":38,"s:274:4:284:Infinity":138,"s:287:4:287:Infinity":139,"s:288:4:292:Infinity":140,"b:290:15:290:33:290:33:290:Infinity":39,"s:296:25:347:Infinity":141,"f:296:25:296:32":7,"s:297:2:346:Infinity":142,"s:298:32:298:Infinity":143,"b:300:4:302:Infinity:undefined:undefined:undefined:undefined":40,"s:300:4:302:Infinity":144,"b:300:8:300:18:300:18:300:29":41,"s:301:6:301:Infinity":145,"s:304:17:304:Infinity":146,"b:306:4:308:Infinity:undefined:undefined:undefined:undefined":42,"s:306:4:308:Infinity":147,"s:307:6:307:Infinity":148,"b:311:4:313:Infinity:undefined:undefined:undefined:undefined":43,"s:311:4:313:Infinity":149,"s:312:6:312:Infinity":150,"s:315:28:315:Infinity":151,"b:317:4:319:Infinity:undefined:undefined:undefined:undefined":44,"s:317:4:319:Infinity":152,"s:318:6:318:Infinity":153,"s:321:18:325:Infinity":154,"b:323:6:323:32:323:32:323:Infinity":45,"s:327:4:341:Infinity":155,"s:344:4:344:Infinity":156,"s:345:4:345:Infinity":157,"s:349:34:377:Infinity":158,"f:349:34:349:41":8,"s:350:2:376:Infinity":159,"s:351:22:351:Infinity":160,"b:352:4:352:Infinity:undefined:undefined:undefined:undefined":46,"s:352:4:352:Infinity":161,"s:352:16:352:Infinity":162,"s:354:24:354:Infinity":163,"b:355:4:355:Infinity:undefined:undefined:undefined:undefined":47,"s:355:4:355:Infinity":164,"s:355:21:355:Infinity":165,"s:357:16:357:Infinity":166,"s:358:22:358:Infinity":167,"s:360:4:360:Infinity":168,"s:362:22:366:Infinity":169,"b:368:4:370:Infinity:undefined:undefined:undefined:undefined":48,"s:368:4:370:Infinity":170,"s:369:6:369:Infinity":171,"s:372:4:372:Infinity":172,"s:374:4:374:Infinity":173,"s:375:4:375:Infinity":174,"s:379:27:441:Infinity":175,"f:379:27:379:34":9,"s:380:2:440:Infinity":176,"s:381:54:381:Infinity":177,"b:383:4:385:Infinity:undefined:undefined:undefined:undefined":49,"s:383:4:385:Infinity":178,"b:383:8:383:17:383:17:383:27:383:27:383:40:383:40:383:54:383:54:383:60":50,"s:384:6:384:Infinity":179,"s:387:26:387:Infinity":180,"b:388:4:388:Infinity:undefined:undefined:undefined:undefined":51,"s:388:4:388:Infinity":181,"s:388:24:388:Infinity":182,"b:390:4:393:Infinity:undefined:undefined:undefined:undefined":52,"s:390:4:393:Infinity":183,"s:391:6:391:Infinity":184,"s:392:6:392:Infinity":185,"b:395:4:403:Infinity:undefined:undefined:undefined:undefined":53,"s:395:4:403:Infinity":186,"s:396:6:396:Infinity":187,"b:397:6:400:Infinity:undefined:undefined:undefined:undefined":54,"s:397:6:400:Infinity":188,"s:398:8:398:Infinity":189,"s:399:8:399:Infinity":190,"s:401:24:401:Infinity":191,"s:402:6:402:Infinity":192,"b:402:97:402:102:402:102:402:106":55,"s:405:25:405:Infinity":193,"b:405:25:405:64:405:64:405:Infinity":56,"b:406:4:408:Infinity:undefined:undefined:undefined:undefined":57,"s:406:4:408:Infinity":194,"s:407:6:407:Infinity":195,"s:410:24:410:Infinity":196,"b:411:4:413:Infinity:undefined:undefined:undefined:undefined":58,"s:411:4:413:Infinity":197,"s:412:6:412:Infinity":198,"s:415:27:415:Infinity":199,"s:417:19:423:Infinity":200,"s:425:4:425:Infinity":201,"s:427:4:435:Infinity":202,"s:438:4:438:Infinity":203,"s:439:4:439:Infinity":204,"s:443:24:485:Infinity":205,"f:443:24:443:31":10,"s:444:2:484:Infinity":206,"s:445:32:445:Infinity":207,"b:447:4:449:Infinity:undefined:undefined:undefined:undefined":59,"s:447:4:449:Infinity":208,"b:447:8:447:18:447:18:447:29":60,"s:448:6:448:Infinity":209,"s:451:22:451:Infinity":210,"b:453:4:455:Infinity:undefined:undefined:undefined:undefined":61,"s:453:4:455:Infinity":211,"s:454:6:454:Infinity":212,"s:457:28:457:Infinity":213,"b:459:4:461:Infinity:undefined:undefined:undefined:undefined":62,"s:459:4:461:Infinity":214,"s:460:6:460:Infinity":215,"s:463:18:467:Infinity":216,"b:465:6:465:32:465:32:465:Infinity":63,"s:469:4:479:Infinity":217,"s:482:4:482:Infinity":218,"s:483:4:483:Infinity":219,"s:487:30:531:Infinity":220,"f:487:30:487:37":11,"s:488:2:530:Infinity":221,"s:489:19:489:Infinity":222,"s:490:17:490:Infinity":223,"b:492:4:494:Infinity:undefined:undefined:undefined:undefined":64,"s:492:4:494:Infinity":224,"s:493:6:493:Infinity":225,"b:496:4:526:Infinity:506:11:526:Infinity":65,"s:496:4:526:Infinity":226,"s:497:18:497:Infinity":227,"b:498:6:498:Infinity:undefined:undefined:undefined:undefined":66,"s:498:6:498:Infinity":228,"s:498:16:498:Infinity":229,"s:499:6:505:Infinity":230,"s:507:19:510:Infinity":231,"b:511:6:511:Infinity:undefined:undefined:undefined:undefined":67,"s:511:6:511:Infinity":232,"s:511:17:511:Infinity":233,"b:512:6:512:Infinity:undefined:undefined:undefined:undefined":68,"s:512:6:512:Infinity":234,"s:512:26:512:Infinity":235,"s:513:6:525:Infinity":236,"s:528:4:528:Infinity":237,"s:529:4:529:Infinity":238,"s:535:31:562:Infinity":239,"f:535:31:535:38":12,"s:536:2:561:Infinity":240,"s:537:19:537:Infinity":241,"b:538:4:538:Infinity:undefined:undefined:undefined:undefined":69,"s:538:4:538:Infinity":242,"s:538:17:538:Infinity":243,"s:540:26:540:Infinity":244,"b:541:4:543:Infinity:undefined:undefined:undefined:undefined":70,"s:541:4:543:Infinity":245,"s:542:6:542:Infinity":246,"s:545:23:548:Infinity":247,"s:549:20:549:Infinity":248,"f:549:30:549:38":13,"s:549:49:549:96":249,"b:549:49:549:74:549:74:549:96":71,"s:551:20:555:Infinity":250,"s:557:4:557:Infinity":251,"s:559:4:559:Infinity":252,"s:560:4:560:Infinity":253,"s:564:24:588:Infinity":254,"f:564:24:564:31":14,"s:565:2:587:Infinity":255,"s:566:19:566:Infinity":256,"b:567:4:569:Infinity:undefined:undefined:undefined:undefined":72,"s:567:4:569:Infinity":257,"s:568:6:568:Infinity":258,"s:572:17:572:Infinity":259,"b:573:4:575:Infinity:undefined:undefined:undefined:undefined":73,"s:573:4:575:Infinity":260,"s:574:6:574:Infinity":261,"s:578:4:581:Infinity":262,"s:583:4:583:Infinity":263,"s:585:4:585:Infinity":264,"s:586:4:586:Infinity":265,"s:590:27:618:Infinity":266,"f:590:27:590:34":15,"s:591:2:617:Infinity":267,"s:592:18:602:Infinity":268,"s:605:27:611:Infinity":269,"f:605:33:605:37":16,"s:605:46:611:6":270,"s:613:4:613:Infinity":271,"s:615:4:615:Infinity":272,"s:616:4:616:Infinity":273,"s:620:37:635:Infinity":274,"f:620:37:620:44":17,"s:621:2:634:Infinity":275,"s:622:19:622:Infinity":276,"b:623:4:623:Infinity:undefined:undefined:undefined:undefined":74,"s:623:4:623:Infinity":277,"s:623:17:623:Infinity":278,"s:625:4:628:Infinity":279,"s:630:4:630:Infinity":280,"s:632:4:632:Infinity":281,"s:633:4:633:Infinity":282,"s:637:32:652:Infinity":283,"f:637:32:637:39":18,"s:638:2:651:Infinity":284,"s:639:19:639:Infinity":285,"b:640:4:640:Infinity:undefined:undefined:undefined:undefined":75,"s:640:4:640:Infinity":286,"s:640:17:640:Infinity":287,"s:642:26:645:Infinity":288,"s:647:4:647:Infinity":289,"s:649:4:649:Infinity":290,"s:650:4:650:Infinity":291,"s:659:32:709:Infinity":292,"f:659:32:659:39":19,"s:660:2:708:Infinity":293,"s:661:19:661:Infinity":294,"s:662:19:662:Infinity":295,"b:664:4:666:Infinity:undefined:undefined:undefined:undefined":76,"s:664:4:666:Infinity":296,"s:665:6:665:Infinity":297,"s:668:17:678:Infinity":298,"b:680:4:682:Infinity:undefined:undefined:undefined:undefined":77,"s:680:4:682:Infinity":299,"b:680:8:680:17:680:17:680:33":78,"s:681:6:681:Infinity":300,"s:685:16:685:Infinity":301,"b:686:4:696:Infinity:undefined:undefined:undefined:undefined":79,"s:686:4:696:Infinity":302,"s:687:18:687:Infinity":303,"b:688:6:695:Infinity:691:13:695:Infinity":80,"s:688:6:695:Infinity":304,"s:689:22:689:Infinity":305,"b:690:8:690:Infinity:undefined:undefined:undefined:undefined":81,"s:690:8:690:Infinity":306,"s:690:31:690:Infinity":307,"b:691:13:695:Infinity:693:13:695:Infinity":82,"s:691:13:695:Infinity":308,"s:692:8:692:Infinity":309,"s:694:8:694:Infinity":310,"s:698:4:704:Infinity":311,"s:706:4:706:Infinity":312,"s:707:4:707:Infinity":313},"fnNames":{}}}
,"D:\\University\\3rd Semester\\2YP Project\\e23-co2060-PeraWave\\Code\\PeraWaveBackEnd\\src\\controllers\\eventController.ts": {"path":"D:\\University\\3rd Semester\\2YP Project\\e23-co2060-PeraWave\\Code\\PeraWaveBackEnd\\src\\controllers\\eventController.ts","statementMap":{"0":{"start":{"line":8,"column":27},"end":{"line":16,"column":null}},"1":{"start":{"line":9,"column":17},"end":{"line":12,"column":null}},"2":{"start":{"line":14,"column":2},"end":{"line":14,"column":null}},"3":{"start":{"line":15,"column":2},"end":{"line":15,"column":null}},"4":{"start":{"line":20,"column":27},"end":{"line":54,"column":null}},"5":{"start":{"line":21,"column":2},"end":{"line":53,"column":null}},"6":{"start":{"line":22,"column":88},"end":{"line":22,"column":null}},"7":{"start":{"line":23,"column":24},"end":{"line":23,"column":null}},"8":{"start":{"line":25,"column":4},"end":{"line":27,"column":null}},"9":{"start":{"line":26,"column":6},"end":{"line":26,"column":null}},"10":{"start":{"line":30,"column":4},"end":{"line":32,"column":null}},"11":{"start":{"line":31,"column":6},"end":{"line":31,"column":null}},"12":{"start":{"line":34,"column":18},"end":{"line":47,"column":null}},"13":{"start":{"line":49,"column":4},"end":{"line":49,"column":null}},"14":{"start":{"line":51,"column":4},"end":{"line":51,"column":null}},"15":{"start":{"line":52,"column":4},"end":{"line":52,"column":null}},"16":{"start":{"line":58,"column":33},"end":{"line":80,"column":null}},"17":{"start":{"line":59,"column":2},"end":{"line":79,"column":null}},"18":{"start":{"line":60,"column":19},"end":{"line":66,"column":null}},"19":{"start":{"line":68,"column":19},"end":{"line":74,"column":null}},"20":{"start":{"line":68,"column":36},"end":{"line":74,"column":6}},"21":{"start":{"line":75,"column":4},"end":{"line":75,"column":null}},"22":{"start":{"line":77,"column":4},"end":{"line":77,"column":null}},"23":{"start":{"line":78,"column":4},"end":{"line":78,"column":null}},"24":{"start":{"line":85,"column":28},"end":{"line":120,"column":null}},"25":{"start":{"line":86,"column":2},"end":{"line":119,"column":null}},"26":{"start":{"line":87,"column":19},"end":{"line":87,"column":null}},"27":{"start":{"line":88,"column":20},"end":{"line":88,"column":null}},"28":{"start":{"line":90,"column":4},"end":{"line":92,"column":null}},"29":{"start":{"line":91,"column":6},"end":{"line":91,"column":null}},"30":{"start":{"line":94,"column":18},"end":{"line":99,"column":null}},"31":{"start":{"line":101,"column":4},"end":{"line":103,"column":null}},"32":{"start":{"line":102,"column":6},"end":{"line":102,"column":null}},"33":{"start":{"line":106,"column":19},"end":{"line":113,"column":null}},"34":{"start":{"line":115,"column":4},"end":{"line":115,"column":null}},"35":{"start":{"line":117,"column":4},"end":{"line":117,"column":null}},"36":{"start":{"line":118,"column":4},"end":{"line":118,"column":null}},"37":{"start":{"line":124,"column":33},"end":{"line":146,"column":null}},"38":{"start":{"line":125,"column":2},"end":{"line":145,"column":null}},"39":{"start":{"line":126,"column":16},"end":{"line":126,"column":null}},"40":{"start":{"line":127,"column":19},"end":{"line":140,"column":null}},"41":{"start":{"line":141,"column":4},"end":{"line":141,"column":null}},"42":{"start":{"line":143,"column":4},"end":{"line":143,"column":null}},"43":{"start":{"line":144,"column":4},"end":{"line":144,"column":null}},"44":{"start":{"line":149,"column":32},"end":{"line":163,"column":null}},"45":{"start":{"line":150,"column":2},"end":{"line":162,"column":null}},"46":{"start":{"line":151,"column":19},"end":{"line":157,"column":null}},"47":{"start":{"line":158,"column":4},"end":{"line":158,"column":null}},"48":{"start":{"line":160,"column":4},"end":{"line":160,"column":null}},"49":{"start":{"line":161,"column":4},"end":{"line":161,"column":null}},"50":{"start":{"line":166,"column":33},"end":{"line":185,"column":null}},"51":{"start":{"line":167,"column":2},"end":{"line":184,"column":null}},"52":{"start":{"line":168,"column":19},"end":{"line":168,"column":null}},"53":{"start":{"line":169,"column":23},"end":{"line":169,"column":null}},"54":{"start":{"line":171,"column":4},"end":{"line":173,"column":null}},"55":{"start":{"line":172,"column":6},"end":{"line":172,"column":null}},"56":{"start":{"line":175,"column":18},"end":{"line":178,"column":null}},"57":{"start":{"line":180,"column":4},"end":{"line":180,"column":null}},"58":{"start":{"line":182,"column":4},"end":{"line":182,"column":null}},"59":{"start":{"line":183,"column":4},"end":{"line":183,"column":null}},"60":{"start":{"line":188,"column":27},"end":{"line":209,"column":null}},"61":{"start":{"line":189,"column":2},"end":{"line":208,"column":null}},"62":{"start":{"line":190,"column":19},"end":{"line":190,"column":null}},"63":{"start":{"line":191,"column":20},"end":{"line":191,"column":null}},"64":{"start":{"line":192,"column":19},"end":{"line":192,"column":null}},"65":{"start":{"line":193,"column":17},"end":{"line":193,"column":null}},"66":{"start":{"line":195,"column":18},"end":{"line":195,"column":null}},"67":{"start":{"line":196,"column":4},"end":{"line":196,"column":null}},"68":{"start":{"line":196,"column":16},"end":{"line":196,"column":null}},"69":{"start":{"line":199,"column":4},"end":{"line":201,"column":null}},"70":{"start":{"line":200,"column":6},"end":{"line":200,"column":null}},"71":{"start":{"line":203,"column":4},"end":{"line":203,"column":null}},"72":{"start":{"line":204,"column":4},"end":{"line":204,"column":null}},"73":{"start":{"line":206,"column":4},"end":{"line":206,"column":null}},"74":{"start":{"line":207,"column":4},"end":{"line":207,"column":null}}},"fnMap":{"0":{"name":"(anonymous_0)","decl":{"start":{"line":8,"column":27},"end":{"line":8,"column":34}},"loc":{"start":{"line":8,"column":72},"end":{"line":16,"column":null}},"line":8},"1":{"name":"(anonymous_1)","decl":{"start":{"line":14,"column":12},"end":{"line":14,"column":28}},"loc":{"start":{"line":14,"column":28},"end":{"line":14,"column":30}},"line":14},"2":{"name":"(anonymous_2)","decl":{"start":{"line":20,"column":27},"end":{"line":20,"column":34}},"loc":{"start":{"line":20,"column":70},"end":{"line":54,"column":null}},"line":20},"3":{"name":"(anonymous_3)","decl":{"start":{"line":58,"column":33},"end":{"line":58,"column":40}},"loc":{"start":{"line":58,"column":72},"end":{"line":80,"column":null}},"line":58},"4":{"name":"(anonymous_4)","decl":{"start":{"line":68,"column":26},"end":{"line":68,"column":30}},"loc":{"start":{"line":68,"column":36},"end":{"line":74,"column":6}},"line":68},"5":{"name":"(anonymous_5)","decl":{"start":{"line":85,"column":28},"end":{"line":85,"column":35}},"loc":{"start":{"line":85,"column":67},"end":{"line":120,"column":null}},"line":85},"6":{"name":"(anonymous_6)","decl":{"start":{"line":124,"column":33},"end":{"line":124,"column":40}},"loc":{"start":{"line":124,"column":72},"end":{"line":146,"column":null}},"line":124},"7":{"name":"(anonymous_7)","decl":{"start":{"line":149,"column":32},"end":{"line":149,"column":39}},"loc":{"start":{"line":149,"column":71},"end":{"line":163,"column":null}},"line":149},"8":{"name":"(anonymous_8)","decl":{"start":{"line":166,"column":33},"end":{"line":166,"column":40}},"loc":{"start":{"line":166,"column":76},"end":{"line":185,"column":null}},"line":166},"9":{"name":"(anonymous_9)","decl":{"start":{"line":188,"column":27},"end":{"line":188,"column":34}},"loc":{"start":{"line":188,"column":70},"end":{"line":209,"column":null}},"line":188}},"branchMap":{"0":{"loc":{"start":{"line":25,"column":4},"end":{"line":27,"column":null}},"type":"if","locations":[{"start":{"line":25,"column":4},"end":{"line":27,"column":null}},{"start":{},"end":{}}],"line":25},"1":{"loc":{"start":{"line":25,"column":8},"end":{"line":25,"column":73}},"type":"binary-expr","locations":[{"start":{"line":25,"column":8},"end":{"line":25,"column":18}},{"start":{"line":25,"column":18},"end":{"line":25,"column":34}},{"start":{"line":25,"column":34},"end":{"line":25,"column":48}},{"start":{"line":25,"column":48},"end":{"line":25,"column":62}},{"start":{"line":25,"column":62},"end":{"line":25,"column":73}}],"line":25},"2":{"loc":{"start":{"line":30,"column":4},"end":{"line":32,"column":null}},"type":"if","locations":[{"start":{"line":30,"column":4},"end":{"line":32,"column":null}},{"start":{},"end":{}}],"line":30},"3":{"loc":{"start":{"line":41,"column":14},"end":{"line":41,"column":null}},"type":"binary-expr","locations":[{"start":{"line":41,"column":14},"end":{"line":41,"column":22}},{"start":{"line":41,"column":22},"end":{"line":41,"column":null}}],"line":41},"4":{"loc":{"start":{"line":42,"column":18},"end":{"line":42,"column":null}},"type":"binary-expr","locations":[{"start":{"line":42,"column":18},"end":{"line":42,"column":30}},{"start":{"line":42,"column":30},"end":{"line":42,"column":null}}],"line":42},"5":{"loc":{"start":{"line":43,"column":23},"end":{"line":43,"column":null}},"type":"binary-expr","locations":[{"start":{"line":43,"column":23},"end":{"line":43,"column":40}},{"start":{"line":43,"column":40},"end":{"line":43,"column":null}}],"line":43},"6":{"loc":{"start":{"line":71,"column":18},"end":{"line":71,"column":null}},"type":"binary-expr","locations":[{"start":{"line":71,"column":18},"end":{"line":71,"column":37}},{"start":{"line":71,"column":37},"end":{"line":71,"column":null}}],"line":71},"7":{"loc":{"start":{"line":90,"column":4},"end":{"line":92,"column":null}},"type":"if","locations":[{"start":{"line":90,"column":4},"end":{"line":92,"column":null}},{"start":{},"end":{}}],"line":90},"8":{"loc":{"start":{"line":101,"column":4},"end":{"line":103,"column":null}},"type":"if","locations":[{"start":{"line":101,"column":4},"end":{"line":103,"column":null}},{"start":{},"end":{}}],"line":101},"9":{"loc":{"start":{"line":101,"column":8},"end":{"line":101,"column":47}},"type":"binary-expr","locations":[{"start":{"line":101,"column":8},"end":{"line":101,"column":18}},{"start":{"line":101,"column":18},"end":{"line":101,"column":47}}],"line":101},"10":{"loc":{"start":{"line":109,"column":18},"end":{"line":109,"column":null}},"type":"binary-expr","locations":[{"start":{"line":109,"column":18},"end":{"line":109,"column":41}},{"start":{"line":109,"column":41},"end":{"line":109,"column":null}}],"line":109},"11":{"loc":{"start":{"line":171,"column":4},"end":{"line":173,"column":null}},"type":"if","locations":[{"start":{"line":171,"column":4},"end":{"line":173,"column":null}},{"start":{},"end":{}}],"line":171},"12":{"loc":{"start":{"line":196,"column":4},"end":{"line":196,"column":null}},"type":"if","locations":[{"start":{"line":196,"column":4},"end":{"line":196,"column":null}},{"start":{},"end":{}}],"line":196},"13":{"loc":{"start":{"line":199,"column":4},"end":{"line":201,"column":null}},"type":"if","locations":[{"start":{"line":199,"column":4},"end":{"line":201,"column":null}},{"start":{},"end":{}}],"line":199},"14":{"loc":{"start":{"line":199,"column":8},"end":{"line":199,"column":88}},"type":"binary-expr","locations":[{"start":{"line":199,"column":8},"end":{"line":199,"column":40}},{"start":{"line":199,"column":40},"end":{"line":199,"column":64}},{"start":{"line":199,"column":64},"end":{"line":199,"column":88}}],"line":199}},"s":{"0":2,"1":0,"2":0,"3":0,"4":2,"5":0,"6":0,"7":0,"8":0,"9":0,"10":0,"11":0,"12":0,"13":0,"14":0,"15":0,"16":2,"17":0,"18":0,"19":0,"20":0,"21":0,"22":0,"23":0,"24":2,"25":0,"26":0,"27":0,"28":0,"29":0,"30":0,"31":0,"32":0,"33":0,"34":0,"35":0,"36":0,"37":2,"38":0,"39":0,"40":0,"41":0,"42":0,"43":0,"44":2,"45":0,"46":0,"47":0,"48":0,"49":0,"50":2,"51":0,"52":0,"53":0,"54":0,"55":0,"56":0,"57":0,"58":0,"59":0,"60":2,"61":0,"62":0,"63":0,"64":0,"65":0,"66":0,"67":0,"68":0,"69":0,"70":0,"71":0,"72":0,"73":0,"74":0},"f":{"0":0,"1":0,"2":0,"3":0,"4":0,"5":0,"6":0,"7":0,"8":0,"9":0},"b":{"0":[0,0],"1":[0,0,0,0,0],"2":[0,0],"3":[0,0],"4":[0,0],"5":[0,0],"6":[0,0],"7":[0,0],"8":[0,0],"9":[0,0],"10":[0,0],"11":[0,0],"12":[0,0],"13":[0,0],"14":[0,0,0]},"meta":{"lastBranch":15,"lastFunction":10,"lastStatement":75,"seen":{"s:8:27:16:Infinity":0,"f:8:27:8:34":0,"s:9:17:12:Infinity":1,"s:14:2:14:Infinity":2,"f:14:12:14:28":1,"s:15:2:15:Infinity":3,"s:20:27:54:Infinity":4,"f:20:27:20:34":2,"s:21:2:53:Infinity":5,"s:22:88:22:Infinity":6,"s:23:24:23:Infinity":7,"b:25:4:27:Infinity:undefined:undefined:undefined:undefined":0,"s:25:4:27:Infinity":8,"b:25:8:25:18:25:18:25:34:25:34:25:48:25:48:25:62:25:62:25:73":1,"s:26:6:26:Infinity":9,"b:30:4:32:Infinity:undefined:undefined:undefined:undefined":2,"s:30:4:32:Infinity":10,"s:31:6:31:Infinity":11,"s:34:18:47:Infinity":12,"b:41:14:41:22:41:22:41:Infinity":3,"b:42:18:42:30:42:30:42:Infinity":4,"b:43:23:43:40:43:40:43:Infinity":5,"s:49:4:49:Infinity":13,"s:51:4:51:Infinity":14,"s:52:4:52:Infinity":15,"s:58:33:80:Infinity":16,"f:58:33:58:40":3,"s:59:2:79:Infinity":17,"s:60:19:66:Infinity":18,"s:68:19:74:Infinity":19,"f:68:26:68:30":4,"s:68:36:74:6":20,"b:71:18:71:37:71:37:71:Infinity":6,"s:75:4:75:Infinity":21,"s:77:4:77:Infinity":22,"s:78:4:78:Infinity":23,"s:85:28:120:Infinity":24,"f:85:28:85:35":5,"s:86:2:119:Infinity":25,"s:87:19:87:Infinity":26,"s:88:20:88:Infinity":27,"b:90:4:92:Infinity:undefined:undefined:undefined:undefined":7,"s:90:4:92:Infinity":28,"s:91:6:91:Infinity":29,"s:94:18:99:Infinity":30,"b:101:4:103:Infinity:undefined:undefined:undefined:undefined":8,"s:101:4:103:Infinity":31,"b:
[...]
"column":8},"end":{"line":28,"column":null}},"13":{"start":{"line":31,"column":19},"end":{"line":31,"column":null}},"14":{"start":{"line":32,"column":6},"end":{"line":35,"column":null}},"15":{"start":{"line":33,"column":8},"end":{"line":33,"column":null}},"16":{"start":{"line":34,"column":8},"end":{"line":34,"column":null}},"17":{"start":{"line":38,"column":4},"end":{"line":38,"column":null}},"18":{"start":{"line":39,"column":4},"end":{"line":39,"column":null}},"19":{"start":{"line":41,"column":4},"end":{"line":41,"column":null}},"20":{"start":{"line":46,"column":32},"end":{"line":54,"column":null}},"21":{"start":{"line":47,"column":2},"end":{"line":53,"column":null}},"22":{"start":{"line":48,"column":4},"end":{"line":52,"column":null}},"23":{"start":{"line":49,"column":6},"end":{"line":49,"column":null}},"24":{"start":{"line":51,"column":6},"end":{"line":51,"column":null}},"25":{"start":{"line":60,"column":27},"end":{"line":68,"column":null}},"26":{"start":{"line":61,"column":2},"end":{"line":67,"column":null}},"27":{"start":{"line":62,"column":4},"end":{"line":66,"column":null}},"28":{"start":{"line":63,"column":6},"end":{"line":63,"column":null}},"29":{"start":{"line":65,"column":6},"end":{"line":65,"column":null}}},"fnMap":{"0":{"name":"(anonymous_0)","decl":{"start":{"line":11,"column":27},"end":{"line":11,"column":34}},"loc":{"start":{"line":11,"column":105},"end":{"line":43,"column":null}},"line":11},"1":{"name":"(anonymous_1)","decl":{"start":{"line":46,"column":32},"end":{"line":46,"column":39}},"loc":{"start":{"line":46,"column":110},"end":{"line":54,"column":null}},"line":46},"2":{"name":"(anonymous_2)","decl":{"start":{"line":47,"column":25},"end":{"line":47,"column":36}},"loc":{"start":{"line":47,"column":36},"end":{"line":53,"column":3}},"line":47},"3":{"name":"(anonymous_3)","decl":{"start":{"line":60,"column":27},"end":{"line":60,"column":34}},"loc":{"start":{"line":60,"column":105},"end":{"line":68,"column":null}},"line":60},"4":{"name":"(anonymous_4)","decl":{"start":{"line":61,"column":25},"end":{"line":61,"column":36}},"loc":{"start":{"line":61,"column":36},"end":{"line":67,"column":3}},"line":61}},"branchMap":{"0":{"loc":{"start":{"line":15,"column":4},"end":{"line":18,"column":null}},"type":"if","locations":[{"start":{"line":15,"column":4},"end":{"line":18,"column":null}},{"start":{},"end":{}}],"line":15},"1":{"loc":{"start":{"line":15,"column":8},"end":{"line":15,"column":58}},"type":"binary-expr","locations":[{"start":{"line":15,"column":8},"end":{"line":15,"column":23}},{"start":{"line":15,"column":23},"end":{"line":15,"column":58}}],"line":15},"2":{"loc":{"start":{"line":21,"column":43},"end":{"line":21,"column":86}},"type":"binary-expr","locations":[{"start":{"line":21,"column":43},"end":{"line":21,"column":69}},{"start":{"line":21,"column":69},"end":{"line":21,"column":86}}],"line":21},"3":{"loc":{"start":{"line":24,"column":4},"end":{"line":36,"column":null}},"type":"if","locations":[{"start":{"line":24,"column":4},"end":{"line":36,"column":null}},{"start":{"line":30,"column":11},"end":{"line":36,"column":null}}],"line":24},"4":{"loc":{"start":{"line":24,"column":8},"end":{"line":24,"column":72}},"type":"binary-expr","locations":[{"start":{"line":24,"column":8},"end":{"line":24,"column":40}},{"start":{"line":24,"column":40},"end":{"line":24,"column":72}}],"line":24},"5":{"loc":{"start":{"line":26,"column":6},"end":{"line":29,"column":null}},"type":"if","locations":[{"start":{"line":26,"column":6},"end":{"line":29,"column":null}},{"start":{},"end":{}}],"line":26},"6":{"loc":{"start":{"line":32,"column":6},"end":{"line":35,"column":null}},"type":"if","locations":[{"start":{"line":32,"column":6},"end":{"line":35,"column":null}},{"start":{},"end":{}}],"line":32},"7":{"loc":{"start":{"line":32,"column":10},"end":{"line":32,"column":35}},"type":"binary-expr","locations":[{"start":{"line":32,"column":10},"end":{"line":32,"column":19}},{"start":{"line":32,"column":19},"end":{"line":32,"column":35}}],"line":32},"8":{"loc":{"start":{"line":48,"column":4},"end":{"line":52,"column":null}},"type":"if","locations":[{"start":{"line":48,"column":4},"end":{"line":52,"column":null}},{"start":{"line":50,"column":11},"end":{"line":52,"column":null}}],"line":48},"9":{"loc":{"start":{"line":48,"column":8},"end":{"line":48,"column":88}},"type":"binary-expr","locations":[{"start":{"line":48,"column":8},"end":{"line":48,"column":21}},{"start":{"line":48,"column":21},"end":{"line":48,"column":54}},{"start":{"line":48,"column":54},"end":{"line":48,"column":88}}],"line":48},"10":{"loc":{"start":{"line":62,"column":4},"end":{"line":66,"column":null}},"type":"if","locations":[{"start":{"line":62,"column":4},"end":{"line":66,"column":null}},{"start":{"line":64,"column":11},"end":{"line":66,"column":null}}],"line":62},"11":{"loc":{"start":{"line":62,"column":8},"end":{"line":62,"column":46}},"type":"binary-expr","locations":[{"start":{"line":62,"column":8},"end":{"line":62,"column":20}},{"start":{"line":62,"column":20},"end":{"line":62,"column":46}}],"line":62}},"s":{"0":2,"1":0,"2":0,"3":0,"4":0,"5":0,"6":0,"7":0,"8":0,"9":0,"10":0,"11":0,"12":0,"13":0,"14":0,"15":0,"16":0,"17":0,"18":0,"19":0,"20":2,"21":0,"22":0,"23":0,"24":0,"25":2,"26":0,"27":0,"28":0,"29":0},"f":{"0":0,"1":0,"2":0,"3":0,"4":0},"b":{"0":[0,0],"1":[0,0],"2":[0,0],"3":[0,0],"4":[0,0],"5":[0,0],"6":[0,0],"7":[0,0],"8":[0,0],"9":[0,0,0],"10":[0,0],"11":[0,0]},"meta":{"lastBranch":12,"lastFunction":5,"lastStatement":30,"seen":{"s:11:27:43:Infinity":0,"f:11:27:11:34":0,"s:12:2:42:Infinity":1,"s:13:23:13:Infinity":2,"b:15:4:18:Infinity:undefined:undefined:undefined:undefined":0,"s:15:4:18:Infinity":3,"b:15:8:15:23:15:23:15:58":1,"s:16:6:16:Infinity":4,"s:17:6:17:Infinity":5,"s:20:18:20:Infinity":6,"s:21:25:21:Infinity":7,"b:21:43:21:69:21:69:21:86":2,"b:24:4:36:Infinity:30:11:36:Infinity":3,"s:24:4:36:Infinity":8,"b:24:8:24:40:24:40:24:72":4,"s:25:18:25:Infinity":9,"b:26:6:29:Infinity:undefined:undefined:undefined:undefined":5,"s:26:6:29:Infinity":10,"s:27:8:27:Infinity":11,"s:28:8:28:Infinity":12,"s:31:19:31:Infinity":13,"b:32:6:35:Infinity:undefined:undefined:undefined:undefined":6,"s:32:6:35:Infinity":14,"b:32:10:32:19:32:19:32:35":7,"s:33:8:33:Infinity":15,"s:34:8:34:Infinity":16,"s:38:4:38:Infinity":17,"s:39:4:39:Infinity":18,"s:41:4:41:Infinity":19,"s:46:32:54:Infinity":20,"f:46:32:46:39":1,"s:47:2:53:Infinity":21,"f:47:25:47:36":2,"b:48:4:52:Infinity:50:11:52:Infinity":8,"s:48:4:52:Infinity":22,"b:48:8:48:21:48:21:48:54:48:54:48:88":9,"s:49:6:49:Infinity":23,"s:51:6:51:Infinity":24,"s:60:27:68:Infinity":25,"f:60:27:60:34":3,"s:61:2:67:Infinity":26,"f:61:25:61:36":4,"b:62:4:66:Infinity:64:11:66:Infinity":10,"s:62:4:66:Infinity":27,"b:62:8:62:20:62:20:62:46":11,"s:63:6:63:Infinity":28,"s:65:6:65:Infinity":29},"fnNames":{}}}
,"D:\\University\\3rd Semester\\2YP Project\\e23-co2060-PeraWave\\Code\\PeraWaveBackEnd\\src\\routes\\authRoutes.ts": {"path":"D:\\University\\3rd Semester\\2YP Project\\e23-co2060-PeraWave\\Code\\PeraWaveBackEnd\\src\\routes\\authRoutes.ts","statementMap":{"0":{"start":{"line":5,"column":15},"end":{"line":5,"column":22}},"1":{"start":{"line":8,"column":0},"end":{"line":8,"column":null}},"2":{"start":{"line":11,"column":0},"end":{"line":11,"column":null}},"3":{"start":{"line":14,"column":0},"end":{"line":14,"column":null}},"4":{"start":{"line":17,"column":0},"end":{"line":17,"column":null}},"5":{"start":{"line":20,"column":0},"end":{"line":20,"column":null}},"6":{"start":{"line":23,"column":0},"end":{"line":23,"column":null}},"7":{"start":{"line":26,"column":0},"end":{"line":26,"column":null}},"8":{"start":{"line":29,"column":0},"end":{"line":29,"column":null}},"9":{"start":{"line":32,"column":0},"end":{"line":32,"column":null}},"10":{"start":{"line":35,"column":0},"end":{"line":35,"column":null}},"11":{"start":{"line":38,"column":0},"end":{"line":38,"column":null}},"12":{"start":{"line":41,"column":0},"end":{"line":41,"column":null}},"13":{"start":{"line":44,"column":0},"end":{"line":44,"column":null}},"14":{"start":{"line":47,"column":0},"end":{"line":47,"column":null}},"15":{"start":{"line":50,"column":0},"end":{"line":50,"column":null}},"16":{"start":{"line":53,"column":0},"end":{"line":53,"column":null}},"17":{"start":{"line":56,"column":0},"end":{"line":56,"column":null}},"18":{"start":{"line":59,"column":0},"end":{"line":59,"column":null}}},"fnMap":{},"branchMap":{},"s":{"0":2,"1":2,"2":2,"3":2,"4":2,"5":2,"6":2,"7":2,"8":2,"9":2,"10":2,"11":2,"12":2,"13":2,"14":2,"15":2,"16":2,"17":2,"18":2},"f":{},"b":{},"meta":{"lastBranch":0,"lastFunction":0,"lastStatement":19,"seen":{"s:5:15:5:22":0,"s:8:0:8:Infinity":1,"s:11:0:11:Infinity":2,"s:14:0:14:Infinity":3,"s:17:0:17:Infinity":4,"s:20:0:20:Infinity":5,"s:23:0:23:Infinity":6,"s:26:0:26:Infinity":7,"s:29:0:29:Infinity":8,"s:32:0:32:Infinity":9,"s:35:0:35:Infinity":10,"s:38:0:38:Infinity":11,"s:41:0:41:Infinity":12,"s:44:0:44:Infinity":13,"s:47:0:47:Infinity":14,"s:50:0:50:Infinity":15,"s:53:0:53:Infinity":16,"s:56:0:56:Infinity":17,"s:59:0:59:Infinity":18},"fnNames":{}}}
,"D:\\University\\3rd Semester\\2YP Project\\e23-co2060-PeraWave\\Code\\PeraWaveBackEnd\\src\\routes\\eventRoutes.ts": {"path":"D:\\University\\3rd Semester\\2YP Project\\e23-co2060-PeraWave\\Code\\PeraWaveBackEnd\\src\\routes\\eventRoutes.ts","statementMap":{"0":{"start":{"line":15,"column":15},"end":{"line":15,"column":22}},"1":{"start":{"line":18,"column":15},"end":{"line":29,"column":null}},"2":{"start":{"line":22,"column":20},"end":{"line":22,"column":null}},"3":{"start":{"line":23,"column":4},"end":{"line":27,"column":null}},"4":{"start":{"line":24,"column":6},"end":{"line":24,"column":null}},"5":{"start":{"line":26,"column":6},"end":{"line":26,"column":null}},"6":{"start":{"line":32,"column":0},"end":{"line":32,"column":null}},"7":{"start":{"line":33,"column":0},"end":{"line":33,"column":null}},"8":{"start":{"line":34,"column":0},"end":{"line":34,"column":null}},"9":{"start":{"line":37,"column":0},"end":{"line":37,"column":null}},"10":{"start":{"line":38,"column":0},"end":{"line":38,"column":null}},"11":{"start":{"line":41,"column":0},"end":{"line":41,"column":null}},"12":{"start":{"line":42,"column":0},"end":{"line":42,"column":null}}},"fnMap":{"0":{"name":"(anonymous_0)","decl":{"start":{"line":21,"column":2},"end":{"line":21,"column":15}},"loc":{"start":{"line":21,"column":34},"end":{"line":28,"column":null}},"line":21}},"branchMap":{"0":{"loc":{"start":{"line":23,"column":4},"end":{"line":27,"column":null}},"type":"if","locations":[{"start":{"line":23,"column":4},"end":{"line":27,"column":null}},{"start":{"line":25,"column":11},"end":{"line":27,"column":null}}],"line":23}},"s":{"0":2,"1":2,"2":0,"3":0,"4":0,"5":0,"6":2,"7":2,"8":2,"9":2,"10":2,"11":2,"12":2},"f":{"0":0},"b":{"0":[0,0]},"meta":{"lastBranch":1,"lastFunction":1,"lastStatement":13,"seen":{"s:15:15:15:22":0,"s:18:15:29:Infinity":1,"f:21:2:21:15":0,"s:22:20:22:Infinity":2,"b:23:4:27:Infinity:25:11:27:Infinity":0,"s:23:4:27:Infinity":3,"s:24:6:24:Infinity":4,"s:26:6:26:Infinity":5,"s:32:0:32:Infinity":6,"s:33:0:33:Infinity":7,"s:34:0:34:Infinity":8,"s:37:0:37:Infinity":9,"s:38:0:38:Infinity":10,"s:41:0:41:Infinity":11,"s:42:0:42:Infinity":12},"fnNames":{}}}
,"D:\\University\\3rd Semester\\2YP Project\\e23-co2060-PeraWave\\Code\\PeraWaveBackEnd\\src\\routes\\forumRoutes.ts": {"path":"D:\\University\\3rd Semester\\2YP Project\\e23-co2060-PeraWave\\Code\\PeraWaveBackEnd\\src\\routes\\forumRoutes.ts","statementMap":{"0":{"start":{"line":15,"column":15},"end":{"line":15,"column":22}},"1":{"start":{"line":18,"column":0},"end":{"line":18,"column":null}},"2":{"start":{"line":21,"column":0},"end":{"line":21,"column":null}},"3":{"start":{"line":24,"column":0},"end":{"line":24,"column":null}},"4":{"start":{"line":27,"column":0},"end":{"line":27,"column":null}},"5":{"start":{"line":30,"column":0},"end":{"line":30,"column":null}},"6":{"start":{"line":33,"column":0},"end":{"line":33,"column":null}},"7":{"start":{"line":36,"column":0},"end":{"line":36,"column":null}},"8":{"start":{"line":39,"column":0},"end":{"line":39,"column":null}},"9":{"start":{"line":42,"column":0},"end":{"line":42,"column":null}}},"fnMap":{},"branchMap":{},"s":{"0":2,"1":2,"2":2,"3":2,"4":2,"5":2,"6":2,"7":2,"8":2,"9":2},"f":{},"b":{},"meta":{"lastBranch":0,"lastFunction":0,"lastStatement":10,"seen":{"s:15:15:15:22":0,"s:18:0:18:Infinity":1,"s:21:0:21:Infinity":2,"s:24:0:24:Infinity":3,"s:27:0:27:Infinity":4,"s:30:0:30:Infinity":5,"s:33:0:33:Infinity":6,"s:36:0:36:Infinity":7,"s:39:0:39:Infinity":8,"s:42:0:42:Infinity":9},"fnNames":{}}}
,"D:\\University\\3rd Semester\\2YP Project\\e23-co2060-PeraWave\\Code\\PeraWaveBackEnd\\src\\routes\\modRoutes.ts": {"path":"D:\\University\\3rd Semester\\2YP Project\\e23-co2060-PeraWave\\Code\\PeraWaveBackEnd\\src\\routes\\modRoutes.ts","statementMap":{"0":{"start":{"line":5,"column":15},"end":{"line":5,"column":null}},"1":{"start":{"line":7,"column":0},"end":{"line":7,"column":null}},"2":{"start":{"line":8,"column":0},"end":{"line":8,"column":null}},"3":{"start":{"line":9,"column":0},"end":{"line":9,"column":null}},"4":{"start":{"line":10,"column":0},"end":{"line":10,"column":null}},"5":{"start":{"line":11,"column":0},"end":{"line":11,"column":null}},"6":{"start":{"line":12,"column":0},"end":{"line":12,"column":null}},"7":{"start":{"line":13,"column":0},"end":{"line":13,"column":null}}},"fnMap":{},"branchMap":{},"s":{"0":2,"1":2,"2":2,"3":2,"4":2,"5":2,"6":2,"7":2},"f":{},"b":{},"meta":{"lastBranch":0,"lastFunction":0,"lastStatement":8,"seen":{"s:5:15:5:Infinity":0,"s:7:0:7:Infinity":1,"s:8:0:8:Infinity":2,"s:9:0:9:Infinity":3,"s:10:0:10:Infinity":4,"s:11:0:11:Infinity":5,"s:12:0:12:Infinity":6,"s:13:0:13:Infinity":7},"fnNames":{}}}
,"D:\\University\\3rd Semester\\2YP Project\\e23-co2060-PeraWave\\Code\\PeraWaveBackEnd\\src\\routes\\reportRoutes.ts": {"path":"D:\\University\\3rd Semester\\2YP Project\\e23-co2060-PeraWave\\Code\\PeraWaveBackEnd\\src\\routes\\reportRoutes.ts","statementMap":{"0":{"start":{"line":5,"column":15},"end":{"line":5,"column":22}},"1":{"start":{"line":8,"column":0},"end":{"line":8,"column":null}},"2":{"start":{"line":11,"column":0},"end":{"line":11,"column":null}},"3":{"start":{"line":12,"column":0},"end":{"line":12,"column":null}},"4":{"start":{"line":13,"column":0},"end":{"line":13,"column":null}},"5":{"start":{"line":14,"column":0},"end":{"line":14,"column":null}}},"fnMap":{},"branchMap":{},"s":{"0":2,"1":2,"2":2,"3":2,"4":2,"5":2},"f":{},"b":{},"meta":{"lastBranch":0,"lastFunction":0,"lastStatement":6,"seen":{"s:5:15:5:22":0,"s:8:0:8:Infinity":1,"s:11:0:11:Infinity":2,"s:12:0:12:Infinity":3,"s:13:0:13:Infinity":4,"s:14:0:14:Infinity":5},"fnNames":{}}}
,"D:\\University\\3rd Semester\\2YP Project\\e23-co2060-PeraWave\\Code\\PeraWaveBackEnd\\src\\routes\\wikiRoutes.ts": {"path":"D:\\University\\3rd Semester\\2YP Project\\e23-co2060-PeraWave\\Code\\PeraWaveBackEnd\\src\\routes\\wikiRoutes.ts","statementMap":{"0":{"start":{"line":17,"column":15},"end":{"line":17,"column":22}},"1":{"start":{"line":20,"column":15},"end":{"line":31,"column":null}},"2":{"start":{"line":24,"column":20},"end":{"line":24,"column":null}},"3":{"start":{"line":25,"column":4},"end":{"line":29,"column":null}},"4":{"start":{"line":26,"column":6},"end":{"line":26,"column":null}},"5":{"start":{"line":28,"column":6},"end":{"line":28,"column":null}},"6":{"start":{"line":34,"column":0},"end":{"line":34,"column":null}},"7":{"start":{"line":35,"column":0},"end":{"line":35,"column":null}},"8":{"start":{"line":38,"column":0},"end":{"line":38,"column":null}},"9":{"start":{"line":39,"column":0},"end":{"line":39,"column":null}},"10":{"start":{"line":40,"column":0},"end":{"line":40,"column":null}},"11":{"start":{"line":41,"column":0},"end":{"line":41,"column":null}},"12":{"start":{"line":44,"column":0},"end":{"line":44,"column":null}},"13":{"start":{"line":45,"column":0},"end":{"line":45,"column":null}},"14":{"start":{"line":46,"column":0},"end":{"line":46,"column":null}},"15":{"start":{"line":49,"column":0},"end":{"line":49,"column":null}}},"fnMap":{"0":{"name":"(anonymous_0)","decl":{"start":{"line":23,"column":2},"end":{"line":23,"column":15}},"loc":{"start":{"line":23,"column":34},"end":{"line":30,"column":null}},"line":23}},"branchMap":{"0":{"loc":{"start":{"line":25,"column":4},"end":{"line":29,"column":null}},"type":"if","locations":[{"start":{"line":25,"column":4},"end":{"line":29,"column":null}},{"start":{"line":27,"column":11},"end":{"line":29,"column":null}}],"line":25}},"s":{"0":2,"1":2,"2":0,"3":0,"4":0,"5":0,"6":2,"7":2,"8":2,"9":2,"10":2,"11":2,"12":2,"13":2,"14":2,"15":2},"f":{"0":0},"b":{"0":[0,0]},"meta":{"lastBranch":1,"lastFunction":1,"lastStatement":16,"seen":{"s:17:15:17:22":0,"s:20:15:31:Infinity":1,"f:23:2:23:15":0,"s:24:20:24:Infinity":2,"b:25:4:29:Infinity:27:11:29:Infinity":0,"s:25:4:29:Infinity":3,"s:26:6:26:Infinity":4,"s:28:6:28:Infinity":5,"s:34:0:34:Infinity":6,"s:35:0:35:Infinity":7,"s:38:0:38:Infinity":8,"s:39:0:39:Infinity":9,"s:40:0:40:Infinity":10,"s:41:0:41:Infinity":11,"s:44:0:44:Infinity":12,"s:45:0:45:Infinity":13,"s:46:0:46:Infinity":14,"s:49:0:49:Infinity":15},"fnNames":{}}}
,"D:\\University\\3rd Semester\\2YP Project\\e23-co2060-PeraWave\\Code\\PeraWaveBackEnd\\src\\utils\\emailService.ts": {"path":"D:\\University\\3rd Semester\\2YP Project\\e23-co2060-PeraWave\\Code\\PeraWaveBackEnd\\src\\utils\\emailService.ts","statementMap":{"0":{"start":{"line":3,"column":25},"end":{"line":34,"column":null}},"1":{"start":{"line":4,"column":17},"end":{"line":4,"column":null}},"2":{"start":{"line":6,"column":2},"end":{"line":9,"column":null}},"3":{"start":{"line":7,"column":4},"end":{"line":7,"column":null}},"4":{"start":{"line":8,"column":4},"end":{"line":8,"column":null}},"5":{"start":{"line":12,"column":17},"end":{"line":12,"column":null}},"6":{"start":{"line":14,"column":2},"end":{"line":33,"column":null}},"7":{"start":{"line":15,"column":28},"end":{"line":21,"column":null}},"8":{"start":{"line":23,"column":4},"end":{"line":26,"column":null}},"9":{"start":{"line":24,"column":6},"end":{"line":24,"column":null}},"10":{"start":{"line":25,"column":6},"end":{"line":25,"column":null}},"11":{"start":{"line":29,"column":4},"end":{"line":29,"column":null}},"12":{"start":{"line":31,"column":4},"end":{"line":31,"column":null}},"13":{"start":{"line":32,"column":4},"end":{"line":32,"column":null}}},"fnMap":{"0":{"name":"(anonymous_0)","decl":{"start":{"line":3,"column":25},"end":{"line":3,"column":32}},"loc":{"start":{"line":3,"column":93},"end":{"line":34,"column":null}},"line":3}},"branchMap":{"0":{"loc":{"start":{"line":6,"column":2},"end":{"line":9,"column":null}},"type":"if","locations":[{"start":{"line":6,"column":2},"end":{"line":9,"column":null}},{"start":{},"end":{}}],"line":6},"1":{"loc":{"start":{"line":20,"column":12},"end":{"line":20,"column":null}},"type":"binary-expr","locations":[{"start":{"line":20,"column":12},"end":{"line":20,"column":20}},{"start":{"line":20,"column":20},"end":{"line":20,"column":null}}],"line":20},"2":{"loc":{"start":{"line":23,"column":4},"end":{"line":26,"column":null}},"type":"if","locations":[{"start":{"line":23,"column":4},"end":{"line":26,"column":null}},{"start":{},"end":{}}],"line":23}},"s":{"0":2,"1":0,"2":0,"3":0,"4":0,"5":0,"6":0,"7":0,"8":0,"9":0,"10":0,"11":0,"12":0,"13":0},"f":{"0":0},"b":{"0":[0,0],"1":[0,0],"2":[0,0]},"meta":{"lastBranch":3,"lastFunction":1,"lastStatement":14,"seen":{"s:3:25:34:Infinity":0,"f:3:25:3:32":0,"s:4:17:4:Infinity":1,"b:6:2:9:Infinity:undefined:undefined:undefined:undefined":0,"s:6:2:9:Infinity":2,"s:7:4:7:Infinity":3,"s:8:4:8:Infinity":4,"s:12:17:12:Infinity":5,"s:14:2:33:Infinity":6,"s:15:28:21:Infinity":7,"b:20:12:20:20:20:20:20:Infinity":1,"b:23:4:26:Infinity:undefined:undefined:undefined:undefined":2,"s:23:4:26:Infinity":8,"s:24:6:24:Infinity":9,"s:25:6:25:Infinity":10,"s:29:4:29:Infinity":11,"s:31:4:31:Infinity":12,"s:32:4:32:Infinity":13},"fnNames":{}}}
}
